device: cuda
GPU: NVIDIA H100 80GB HBM3  torch: 2.5.1+cu124

Testing Triton SSM scan...
device: cuda
GPU: NVIDIA H100 80GB HBM3  torch: 2.5.1+cu124

Testing Triton SSM scan...
device: cuda
GPU: NVIDIA H100 80GB HBM3  torch: 2.5.1+cu124

Testing Triton SSM scan...
  Triton SSM scan: OK - enabled
  torch.compile: enabled

  Triton SSM scan: OK - enabled
  torch.compile: enabled

Loading enwiki8...
  downloading http://mattmahoney.net/dc/enwik8.zip...
device: cuda
GPU: NVIDIA H100 80GB HBM3  torch: 2.5.1+cu124

Testing Triton SSM scan...
  Triton SSM scan: OK - enabled
  torch.compile: enabled

Loading enwiki8...
  downloading http://mattmahoney.net/dc/enwik8.zip...
Loading enwiki8...
  downloading http://mattmahoney.net/dc/enwik8.zip...
  Triton SSM scan: OK - enabled
  torch.compile: enabled

Loading enwiki8...
  downloading http://mattmahoney.net/dc/enwik8.zip...
  train 26.1M  val 2.9M  tokens
  train 26.1M  val 2.9M  tokens
Compiling models...
  train 26.1M  val 2.9M  tokens
Compiling models...
  train 26.1M  val 2.9M  tokens
Compiling models...
Compiling models...
  warmup Harmonic...
  warmup Harmonic...
  warmup Harmonic...
  warmup Harmonic...
  warmup Transformer...
  warmup Transformer...
  warmup Transformer...
  warmup Transformer...
  warmup done - measurements use compiled models.

HarmonicFair    27,965,952 params
TransfFlash     28,886,528 params
H-Stateful      27,965,952 params  (sequential batching)
NPS-Stateful    27,834,880 params  (nopred + sequential batching)
batch=16  seq=1024  steps=4000  total_tokens=65.5M

[ HarmonicFair ]
  warmup done - measurements use compiled models.

HarmonicFair    27,965,952 params
TransfFlash     28,886,528 params
H-Stateful      27,965,952 params  (sequential batching)
NPS-Stateful    27,834,880 params  (nopred + sequential batching)
batch=8  seq=2048  steps=4000  total_tokens=65.5M

[ HarmonicFair ]
  warmup done - measurements use compiled models.

HarmonicFair    27,965,952 params
TransfFlash     28,886,528 params
H-Stateful      27,965,952 params  (sequential batching)
NPS-Stateful    27,834,880 params  (nopred + sequential batching)
batch=2  seq=8192  steps=4000  total_tokens=65.5M

[ HarmonicFair ]
  warmup done - measurements use compiled models.

HarmonicFair    27,965,952 params
TransfFlash     28,886,528 params
H-Stateful      27,965,952 params  (sequential batching)
NPS-Stateful    27,834,880 params  (nopred + sequential batching)
batch=4  seq=4096  steps=4000  total_tokens=65.5M

[ HarmonicFair ]
  Harmonic  step= 100  val_bpt=8.531  loss=6.5040  avg=3.41M  win=3.41M tok/s
  Harmonic  step= 100  val_bpt=8.577  loss=6.4724  avg=3.18M  win=3.18M tok/s
  Harmonic  step= 200  val_bpt=8.038  loss=5.6363  avg=4.29M  win=5.81M tok/s
  Harmonic  step= 100  val_bpt=8.481  loss=5.8974  avg=2.65M  win=2.65M tok/s
  Harmonic  step= 100  val_bpt=8.635  loss=5.8163  avg=3.56M  win=3.56M tok/s
  Harmonic  step= 200  val_bpt=8.442  loss=5.9302  avg=4.09M  win=5.73M tok/s
  Harmonic  step= 300  val_bpt=7.804  loss=5.2586  avg=4.84M  win=6.50M tok/s
  Harmonic  step= 200  val_bpt=8.358  loss=4.8474  avg=4.56M  win=6.36M tok/s
  Harmonic  step= 200  val_bpt=7.767  loss=5.7457  avg=3.77M  win=6.50M tok/s
  Harmonic  step= 300  val_bpt=7.856  loss=5.7337  avg=4.56M  win=5.93M tok/s
  Harmonic  step= 400  val_bpt=7.770  loss=4.7648  avg=5.03M  win=5.70M tok/s
  Harmonic  step= 300  val_bpt=7.931  loss=5.7612  avg=5.18M  win=7.10M tok/s
  Harmonic  step= 500  val_bpt=7.360  loss=5.5531  avg=5.13M  win=5.55M tok/s
  Harmonic  step= 400  val_bpt=7.704  loss=5.7713  avg=4.94M  win=6.56M tok/s
  Harmonic  step= 300  val_bpt=8.017  loss=5.1781  avg=4.26M  win=5.78M tok/s
  Harmonic  step= 600  val_bpt=7.276  loss=4.9769  avg=5.21M  win=5.68M tok/s
  Harmonic  step= 500  val_bpt=7.380  loss=5.5884  avg=5.10M  win=5.89M tok/s
  Harmonic  step= 400  val_bpt=7.266  loss=4.5898  avg=5.55M  win=7.03M tok/s
  Harmonic  step= 700  val_bpt=7.077  loss=4.9495  avg=5.35M  win=6.36M tok/s
  Harmonic  step= 400  val_bpt=7.430  loss=5.2261  avg=4.53M  win=5.58M tok/s
  Harmonic  step= 600  val_bpt=7.274  loss=5.1923  avg=5.17M  win=5.56M tok/s
  Harmonic  step= 500  val_bpt=7.360  loss=5.4968  avg=5.81M  win=7.16M tok/s
  Harmonic  step= 800  val_bpt=7.130  loss=5.0833  avg=5.45M  win=6.33M tok/s
  Harmonic  step= 700  val_bpt=7.177  loss=5.4711  avg=5.30M  win=6.21M tok/s
  Harmonic  step= 600  val_bpt=7.286  loss=4.7775  avg=6.00M  win=7.17M tok/s
  Harmonic  step= 500  val_bpt=7.576  loss=4.8838  avg=4.68M  win=5.36M tok/s
  Harmonic  step= 900  val_bpt=6.999  loss=4.8220  avg=5.53M  win=6.22M tok/s
  Harmonic  step= 800  val_bpt=7.228  loss=4.8238  avg=5.34M  win=5.62M tok/s
  Harmonic  step= 700  val_bpt=7.523  loss=5.7868  avg=6.14M  win=7.17M tok/s
  Harmonic  step=1000  val_bpt=7.053  loss=4.6056  avg=5.61M  win=6.46M tok/s
  Harmonic  step= 600  val_bpt=7.577  loss=4.9721  avg=4.89M  win=6.38M tok/s
  Harmonic  step= 900  val_bpt=6.901  loss=5.5116  avg=5.42M  win=6.16M tok/s
  Harmonic  step=1100  val_bpt=6.813  loss=5.1981  avg=5.72M  win=7.03M tok/s
  Harmonic  step= 800  val_bpt=7.546  loss=5.0718  avg=6.13M  win=6.08M tok/s
  Harmonic  step=1000  val_bpt=7.150  loss=4.1523  avg=5.40M  win=5.24M tok/s
  Harmonic  step= 700  val_bpt=7.535  loss=3.3149  avg=5.04M  win=6.10M tok/s
  Harmonic  step=1200  val_bpt=7.015  loss=4.3495  avg=5.82M  win=7.22M tok/s
  Harmonic  step= 900  val_bpt=7.264  loss=4.5764  avg=6.23M  win=7.06M tok/s
  Harmonic  step=1100  val_bpt=6.756  loss=4.3623  avg=5.45M  win=5.94M tok/s
  Harmonic  step=1300  val_bpt=6.645  loss=5.6078  avg=5.90M  win=7.13M tok/s
  Harmonic  step= 800  val_bpt=7.367  loss=5.0143  avg=5.12M  win=5.79M tok/s
  Harmonic  step=1200  val_bpt=6.955  loss=5.0272  avg=5.45M  win=5.48M tok/s
  Harmonic  step=1000  val_bpt=6.987  loss=4.8448  avg=6.31M  win=7.19M tok/s
  Harmonic  step=1400  val_bpt=6.862  loss=5.3764  avg=5.97M  win=7.13M tok/s
  Harmonic  step=1300  val_bpt=6.980  loss=4.7773  avg=5.50M  win=6.13M tok/s
  Harmonic  step=1100  val_bpt=7.206  loss=4.2784  avg=6.37M  win=7.09M tok/s
  Harmonic  step=1500  val_bpt=6.869  loss=4.5950  avg=6.06M  win=7.51M tok/s
  Harmonic  step= 900  val_bpt=7.422  loss=5.0034  avg=5.25M  win=6.54M tok/s
  Harmonic  step=1400  val_bpt=6.880  loss=4.6753  avg=5.52M  win=5.83M tok/s
  Harmonic  step=1600  val_bpt=6.630  loss=4.5187  avg=6.12M  win=7.24M tok/s
  Harmonic  step=1200  val_bpt=7.116  loss=5.2283  avg=6.44M  win=7.20M tok/s
  Harmonic  step=1000  val_bpt=7.431  loss=5.4510  avg=5.40M  win=7.41M tok/s
  Harmonic  step=1500  val_bpt=6.955  loss=4.7789  avg=5.55M  win=6.04M tok/s
  Harmonic  step=1700  val_bpt=6.771  loss=4.4038  avg=6.18M  win=7.23M tok/s
  Harmonic  step=1300  val_bpt=6.997  loss=4.9123  avg=6.49M  win=7.19M tok/s
  Harmonic  step=1600  val_bpt=7.143  loss=4.6317  avg=5.59M  win=6.36M tok/s
  Harmonic  step=1800  val_bpt=6.540  loss=4.5354  avg=6.23M  win=7.30M tok/s
  Harmonic  step=1100  val_bpt=7.295  loss=3.9735  avg=5.47M  win=6.22M tok/s
  Harmonic  step=1400  val_bpt=6.757  loss=4.1344  avg=6.53M  win=7.19M tok/s
  Harmonic  step=1900  val_bpt=6.675  loss=4.0461  avg=6.28M  win=7.33M tok/s
  Harmonic  step=1700  val_bpt=6.636  loss=5.1401  avg=5.59M  win=5.53M tok/s
  Harmonic  step=1200  val_bpt=6.796  loss=4.9931  avg=5.53M  win=6.22M tok/s
  Harmonic  step=1500  val_bpt=6.702  loss=4.7266  avg=6.58M  win=7.24M tok/s
  Harmonic  step=2000  val_bpt=6.628  loss=4.6383  avg=6.31M  win=7.01M tok/s
  Harmonic  step=1800  val_bpt=6.669  loss=4.8102  avg=5.59M  win=5.65M tok/s
  Harmonic  step=2100  val_bpt=6.568  loss=4.4876  avg=6.32M  win=6.41M tok/s
  Harmonic  step=1900  val_bpt=6.711  loss=4.4342  avg=5.60M  win=5.66M tok/s
  Harmonic  step=1600  val_bpt=6.868  loss=5.0057  avg=6.62M  win=7.27M tok/s
  Harmonic  step=1300  val_bpt=6.738  loss=5.1788  avg=5.60M  win=6.62M tok/s
  Harmonic  step=2200  val_bpt=6.633  loss=4.7590  avg=6.32M  win=6.34M tok/s
  Harmonic  step=2000  val_bpt=6.547  loss=4.2888  avg=5.61M  win=5.91M tok/s
  Harmonic  step=1700  val_bpt=6.900  loss=5.1608  avg=6.65M  win=7.21M tok/s
  Harmonic  step=1400  val_bpt=6.825  loss=4.8306  avg=5.70M  win=7.47M tok/s
  Harmonic  step=2300  val_bpt=6.650  loss=4.8752  avg=6.32M  win=6.47M tok/s
  Harmonic  step=2100  val_bpt=6.702  loss=4.6566  avg=5.62M  win=5.90M tok/s
  Harmonic  step=1800  val_bpt=6.872  loss=4.1220  avg=6.68M  win=7.19M tok/s
  Harmonic  step=2400  val_bpt=6.753  loss=4.0837  avg=6.32M  win=6.29M tok/s
  Harmonic  step=2200  val_bpt=6.542  loss=5.0261  avg=5.65M  win=6.26M tok/s
  Harmonic  step=1500  val_bpt=6.710  loss=5.1259  avg=5.79M  win=7.43M tok/s
  Harmonic  step=1900  val_bpt=6.771  loss=4.8677  avg=6.70M  win=7.23M tok/s
  Harmonic  step=2500  val_bpt=6.556  loss=4.5781  avg=6.31M  win=5.99M tok/s
  Harmonic  step=2300  val_bpt=6.506  loss=5.2610  avg=5.66M  win=5.78M tok/s
  Harmonic  step=2600  val_bpt=6.701  loss=4.2452  avg=6.30M  win=6.02M tok/s
  Harmonic  step=1600  val_bpt=6.776  loss=4.8029  avg=5.79M  win=5.88M tok/s
  Harmonic  step=2000  val_bpt=6.551  loss=4.7652  avg=6.72M  win=7.12M tok/s
  Harmonic  step=2400  val_bpt=6.515  loss=4.7373  avg=5.66M  win=5.80M tok/s
  Harmonic  step=2700  val_bpt=6.569  loss=5.1260  avg=6.27M  win=5.56M tok/s
  Harmonic  step=2100  val_bpt=6.778  loss=4.9126  avg=6.74M  win=7.19M tok/s
  Harmonic  step=2500  val_bpt=6.678  loss=4.9146  avg=5.66M  win=5.51M tok/s
  Harmonic  step=1700  val_bpt=6.910  loss=4.6667  avg=5.86M  win=7.24M tok/s
  Harmonic  step=2800  val_bpt=6.563  loss=4.6117  avg=6.26M  win=5.99M tok/s
  Harmonic  step=2600  val_bpt=6.562  loss=4.4680  avg=5.68M  win=6.35M tok/s
  Harmonic  step=2200  val_bpt=6.826  loss=3.7203  avg=6.76M  win=7.21M tok/s
  Harmonic  step=2900  val_bpt=6.619  loss=4.3886  avg=6.26M  win=6.35M tok/s
  Harmonic  step=1800  val_bpt=6.680  loss=4.6694  avg=5.91M  win=6.89M tok/s
  Harmonic  step=2700  val_bpt=6.652  loss=4.5048  avg=5.67M  win=5.54M tok/s
  Harmonic  step=2300  val_bpt=6.810  loss=3.9496  avg=6.78M  win=7.20M tok/s
  Harmonic  step=3000  val_bpt=6.302  loss=4.5414  avg=6.26M  win=6.30M tok/s
  Harmonic  step=2800  val_bpt=6.571  loss=4.9277  avg=5.69M  win=6.16M tok/s
  Harmonic  step=1900  val_bpt=6.863  loss=4.5706  avg=5.98M  win=7.61M tok/s
  Harmonic  step=3100  val_bpt=6.556  loss=4.1879  avg=6.26M  win=6.39M tok/s
  Harmonic  step=2400  val_bpt=6.836  loss=4.3922  avg=6.79M  win=7.00M tok/s
  Harmonic  step=2900  val_bpt=6.568  loss=4.7776  avg=5.71M  win=6.23M tok/s
  Harmonic  step=3200  val_bpt=6.409  loss=4.4726  avg=6.28M  win=6.73M tok/s
  Harmonic  step=2500  val_bpt=6.761  loss=4.4995  avg=6.80M  win=7.12M tok/s
  Harmonic  step=2000  val_bpt=6.722  loss=4.8881  avg=6.02M  win=6.87M tok/s
  Harmonic  step=3000  val_bpt=6.482  loss=4.1116  avg=5.73M  win=6.49M tok/s
  Harmonic  step=3300  val_bpt=6.482  loss=4.4877  avg=6.29M  win=6.81M tok/s
  Harmonic  step=2600  val_bpt=6.681  loss=4.4747  avg=6.82M  win=7.25M tok/s
  Harmonic  step=3400  val_bpt=6.378  loss=4.1393  avg=6.32M  win=7.52M tok/s
  Harmonic  step=3100  val_bpt=6.609  loss=4.5699  avg=5.76M  win=6.65M tok/s
  Harmonic  step=2100  val_bpt=6.876  loss=5.0982  avg=6.06M  win=6.96M tok/s
  Harmonic  step=2700  val_bpt=6.547  loss=4.4531  avg=6.83M  win=7.10M tok/s
  Harmonic  step=3500  val_bpt=6.566  loss=4.4410  avg=6.34M  win=7.00M tok/s
  Harmonic  step=3200  val_bpt=6.602  loss=4.6383  avg=5.77M  win=6.21M tok/s
  Harmonic  step=2200  val_bpt=6.646  loss=4.6809  avg=6.11M  win=7.24M tok/s
  Harmonic  step=3600  val_bpt=6.583  loss=4.2435  avg=6.35M  win=6.68M tok/s
  Harmonic  step=3300  val_bpt=6.528  loss=4.2084  avg=5.79M  win=6.52M tok/s
  Harmonic  step=2800  val_bpt=6.585  loss=4.5150  avg=6.84M  win=7.17M tok/s
  Harmonic  step=3700  val_bpt=6.411  loss=4.5782  avg=6.35M  win=6.52M tok/s
  Harmonic  step=2300  val_bpt=6.678  loss=4.5444  avg=6.15M  win=7.23M tok/s
  Harmonic  step=3400  val_bpt=6.483  loss=4.0417  avg=5.81M  win=6.40M tok/s
  Harmonic  step=2900  val_bpt=6.682  loss=4.9487  avg=6.85M  win=7.22M tok/s
  Harmonic  step=3800  val_bpt=6.242  loss=4.1534  avg=6.36M  win=6.42M tok/s
  Harmonic  step=3500  val_bpt=6.446  loss=4.2531  avg=5.82M  win=6.31M tok/s
  Harmonic  step=3000  val_bpt=6.680  loss=4.5270  avg=6.84M  win=6.57M tok/s
  Harmonic  step=2400  val_bpt=6.775  loss=5.2016  avg=6.16M  win=6.48M tok/s
  Harmonic  step=3900  val_bpt=6.478  loss=4.2809  avg=6.35M  win=6.25M tok/s
  Harmonic  step=3600  val_bpt=6.437  loss=4.4812  avg=5.81M  win=5.37M tok/s
  Harmonic  step=3100  val_bpt=6.496  loss=4.6907  avg=6.85M  win=6.98M tok/s
  Harmonic  done  10.3s  avg=6.34M tok/s  final val_bpt=6.571

[ TransformerFlash ]
  Harmonic  step=2500  val_bpt=6.488  loss=4.8323  avg=6.20M  win=7.24M tok/s
  Harmonic  step=3700  val_bpt=6.592  loss=4.5547  avg=5.83M  win=6.68M tok/s
  Harmonic  step=3200  val_bpt=6.563  loss=4.9677  avg=6.86M  win=7.13M tok/s
  Harmonic  step=3800  val_bpt=6.252  loss=4.3078  avg=5.85M  win=6.89M tok/s
  Harmonic  step=2600  val_bpt=6.678  loss=4.1623  avg=6.23M  win=7.27M tok/s
  Transf    step= 100  val_bpt=8.876  loss=6.6317  avg=5.65M  win=5.65M tok/s
  Harmonic  step=3300  val_bpt=6.418  loss=4.3690  avg=6.86M  win=7.04M tok/s
  Harmonic  step=3900  val_bpt=6.529  loss=4.7487  avg=5.87M  win=6.79M tok/s
  Transf    step= 200  val_bpt=8.324  loss=5.7762  avg=5.81M  win=5.97M tok/s
  Harmonic  step=2700  val_bpt=6.687  loss=4.8392  avg=6.26M  win=7.07M tok/s
  Harmonic  done  11.1s  avg=5.88M tok/s  final val_bpt=6.428
  Harmonic  step=3400  val_bpt=6.319  loss=3.6467  avg=6.87M  win=7.10M tok/s

[ TransformerFlash ]
  Transf    step= 300  val_bpt=8.104  loss=5.5377  avg=5.83M  win=5.87M tok/s
  Harmonic  step=3500  val_bpt=6.341  loss=4.5459  avg=6.88M  win=7.15M tok/s
  Harmonic  step=2800  val_bpt=6.707  loss=3.9332  avg=6.27M  win=6.65M tok/s
  Transf    step= 400  val_bpt=8.062  loss=5.0416  avg=5.88M  win=6.04M tok/s
  Harmonic  step=3600  val_bpt=6.382  loss=4.5782  avg=6.88M  win=7.16M tok/s
  Transf    step= 100  val_bpt=8.960  loss=6.6130  avg=4.90M  win=4.90M tok/s
  Harmonic  step=2900  val_bpt=6.777  loss=3.8994  avg=6.28M  win=6.53M tok/s
  Transf    step= 500  val_bpt=7.663  loss=5.7133  avg=5.85M  win=5.75M tok/s
  Harmonic  step=3700  val_bpt=6.487  loss=4.8771  avg=6.89M  win=7.15M tok/s
  Transf    step= 200  val_bpt=8.710  loss=6.0843  avg=5.29M  win=5.75M tok/s
  Transf    step= 600  val_bpt=7.577  loss=5.1615  avg=5.84M  win=5.77M tok/s
  Harmonic  step=3000  val_bpt=6.659  loss=4.8965  avg=6.28M  win=6.27M tok/s
  Harmonic  step=3800  val_bpt=6.421  loss=4.2031  avg=6.89M  win=6.79M tok/s
  Transf    step= 700  val_bpt=7.367  loss=5.1686  avg=5.85M  win=5.91M tok/s
  Transf    step= 300  val_bpt=8.177  loss=5.9265  avg=5.25M  win=5.17M tok/s
  Harmonic  step=3100  val_bpt=6.424  loss=4.4451  avg=6.30M  win=6.92M tok/s
  Harmonic  step=3900  val_bpt=6.647  loss=4.3502  avg=6.89M  win=7.13M tok/s
  Transf    step= 800  val_bpt=7.397  loss=5.2078  avg=5.85M  win=5.84M tok/s
  Transf    step= 400  val_bpt=8.043  loss=5.9837  avg=5.27M  win=5.34M tok/s
  Transf    step= 900  val_bpt=7.243  loss=4.9670  avg=5.81M  win=5.52M tok/s
  Harmonic  done  9.5s  avg=6.89M tok/s  final val_bpt=6.692

[ TransformerFlash ]
  Transf    step= 500  val_bpt=7.738  loss=5.8203  avg=5.21M  win=4.99M tok/s
  Harmonic  step=3200  val_bpt=6.543  loss=4.4451  avg=6.31M  win=6.66M tok/s
  Transf    step=1000  val_bpt=7.292  loss=4.7997  avg=5.82M  win=5.86M tok/s
  Transf    step= 600  val_bpt=7.628  loss=5.3755  avg=5.05M  win=4.38M tok/s
  Harmonic  step=3300  val_bpt=6.471  loss=4.8675  avg=6.33M  win=6.90M tok/s
  Transf    step=1100  val_bpt=7.061  loss=5.3438  avg=5.78M  win=5.47M tok/s
  Transf    step= 700  val_bpt=7.543  loss=5.6711  avg=5.09M  win=5.35M tok/s
  Transf    step= 100  val_bpt=9.072  loss=6.1480  avg=5.84M  win=5.84M tok/s
  Transf    step=1200  val_bpt=7.217  loss=4.5354  avg=5.77M  win=5.69M tok/s
  Harmonic  step=3400  val_bpt=6.437  loss=4.7818  avg=6.34M  win=6.91M tok/s
  Transf    step= 800  val_bpt=7.566  loss=5.0964  avg=5.16M  win=5.71M tok/s
  Transf    step=1300  val_bpt=6.881  loss=5.6825  avg=5.76M  win=5.61M tok/s
  Transf    step= 200  val_bpt=8.723  loss=5.2019  avg=5.82M  win=5.80M tok/s
  Harmonic  step=3500  val_bpt=6.615  loss=4.5899  avg=6.35M  win=6.67M tok/s
  Transf    step= 900  val_bpt=7.278  loss=5.7433  avg=5.21M  win=5.60M tok/s
  Transf    step=1400  val_bpt=7.065  loss=5.5144  avg=5.81M  win=6.48M tok/s
  Transf    step= 300  val_bpt=8.329  loss=6.0530  avg=5.95M  win=6.24M tok/s
  Transf    step=1000  val_bpt=7.489  loss=4.3953  avg=5.26M  win=5.83M tok/s
  Transf    step=1500  val_bpt=7.059  loss=4.7570  avg=5.84M  win=6.33M tok/s
  Harmonic  step=3600  val_bpt=6.663  loss=4.8315  avg=6.37M  win=6.95M tok/s
  Transf    step=1100  val_bpt=7.101  loss=4.6381  avg=5.21M  win=4.71M tok/s
  Transf    step= 400  val_bpt=7.745  loss=4.9782  avg=5.98M  win=6.07M tok/s
  Transf    step=1600  val_bpt=6.831  loss=4.6944  avg=5.85M  win=5.95M tok/s
  Harmonic  step=3700  val_bpt=6.526  loss=4.2566  avg=6.38M  win=7.06M tok/s
  Transf    step=1700  val_bpt=6.951  loss=4.5851  avg=5.84M  win=5.71M tok/s
  Transf    step=1200  val_bpt=7.304  loss=5.2721  avg=5.26M  win=5.91M tok/s
  Transf    step= 500  val_bpt=7.810  loss=5.7671  avg=5.86M  win=5.44M tok/s
  Transf    step=1800  val_bpt=6.705  loss=4.6592  avg=5.84M  win=5.84M tok/s
  Harmonic  step=3800  val_bpt=6.306  loss=2.5233  avg=6.40M  win=6.96M tok/s
  Transf    step=1300  val_bpt=7.325  loss=5.0193  avg=5.29M  win=5.70M tok/s
  Transf    step= 600  val_bpt=7.741  loss=5.2046  avg=5.69M  win=4.95M tok/s
  Transf    step=1900  val_bpt=6.838  loss=4.2510  avg=5.86M  win=6.35M tok/s
  Transf    step=1400  val_bpt=7.222  loss=4.9130  avg=5.30M  win=5.43M tok/s
  Harmonic  step=3900  val_bpt=6.526  loss=5.2906  avg=6.41M  win=6.76M tok/s
  Transf    step=2000  val_bpt=6.790  loss=4.7776  avg=5.89M  win=6.39M tok/s
  Transf    step= 700  val_bpt=7.971  loss=6.0553  avg=5.64M  win=5.38M tok/s
  Transf    step=1500  val_bpt=7.257  loss=5.0026  avg=5.29M  win=5.16M tok/s
  Harmonic  done  10.2s  avg=6.42M tok/s  final val_bpt=6.325

[ TransformerFlash ]
  Transf    step=2100  val_bpt=6.747  loss=4.6057  avg=5.91M  win=6.45M tok/s
  Transf    step= 800  val_bpt=7.980  loss=5.4456  avg=5.70M  win=6.16M tok/s
  Transf    step=1600  val_bpt=7.440  loss=4.8502  avg=5.26M  win=4.83M tok/s
  Transf    step=2200  val_bpt=6.767  loss=4.8683  avg=5.91M  win=5.81M tok/s
  Transf    step=1700  val_bpt=6.970  loss=5.3031  avg=5.20M  win=4.45M tok/s
  Transf    step= 900  val_bpt=7.716  loss=5.0162  avg=5.76M  win=6.28M tok/s
  Transf    step=2300  val_bpt=6.802  loss=4.9782  avg=5.92M  win=6.16M tok/s
  Transf    step=1800  val_bpt=6.957  loss=5.0421  avg=5.19M  win=4.99M tok/s
  Transf    step=2400  val_bpt=6.902  loss=4.2033  avg=5.93M  win=6.16M tok/s
  Transf    step= 100  val_bpt=8.999  loss=6.2768  avg=5.71M  win=5.71M tok/s
  Transf    step=1000  val_bpt=7.451  loss=5.0920  avg=5.81M  win=6.27M tok/s
  Transf    step=1900  val_bpt=7.011  loss=4.6561  avg=5.22M  win=5.70M tok/s
  Transf    step=2500  val_bpt=6.702  loss=4.6732  avg=5.93M  win=6.12M tok/s
  Transf    step=1100  val_bpt=7.644  loss=4.6357  avg=5.84M  win=6.22M tok/s
  Transf    step=2600  val_bpt=6.826  loss=4.3710  avg=5.95M  win=6.23M tok/s
  Transf    step=2000  val_bpt=6.845  loss=4.5124  avg=5.24M  win=5.63M tok/s
  Transf    step= 200  val_bpt=8.253  loss=6.1124  avg=5.97M  win=6.25M tok/s
  Transf    step=1200  val_bpt=7.572  loss=5.5395  avg=5.88M  win=6.35M tok/s
  Transf    step=2700  val_bpt=6.699  loss=5.1930  avg=5.96M  win=6.22M tok/s
  Transf    step=2100  val_bpt=6.984  loss=4.8528  avg=5.27M  win=5.93M tok/s
  Transf    step= 300  val_bpt=8.464  loss=5.5805  avg=5.99M  win=6.04M tok/s
  Transf    step=2800  val_bpt=6.695  loss=4.6707  avg=5.97M  win=6.37M tok/s
  Transf    step=2200  val_bpt=6.843  loss=5.2072  avg=5.29M  win=5.79M tok/s
  Transf    step=1300  val_bpt=7.433  loss=5.2310  avg=5.92M  win=6.41M tok/s
  Transf    step=2900  val_bpt=6.740  loss=4.4921  avg=5.99M  win=6.56M tok/s
  Transf    step=2300  val_bpt=6.799  loss=5.4174  avg=5.31M  win=5.80M tok/s
  Transf    step= 400  val_bpt=7.935  loss=5.5548  avg=5.99M  win=6.00M tok/s
  Transf    step=1400  val_bpt=7.243  loss=4.5626  avg=5.95M  win=6.31M tok/s
  Transf    step=3000  val_bpt=6.450  loss=4.6499  avg=6.00M  win=6.27M tok/s
  Transf    step=2400  val_bpt=6.808  loss=4.9331  avg=5.32M  win=5.54M tok/s
  Transf    step=3100  val_bpt=6.673  loss=4.3418  avg=5.99M  win=5.85M tok/s
  Transf    step=1500  val_bpt=7.197  loss=5.0123  avg=5.97M  win=6.33M tok/s
  Transf    step= 500  val_bpt=8.071  loss=5.3219  avg=5.87M  win=5.42M tok/s
  Transf    step=2500  val_bpt=6.949  loss=5.1036  avg=5.35M  win=6.19M tok/s
  Transf    step=3200  val_bpt=6.531  loss=4.6058  avg=6.01M  win=6.51M tok/s
  Transf    step=1600  val_bpt=7.335  loss=5.3064  avg=5.99M  win=6.30M tok/s
  Transf    step=2600  val_bpt=6.848  loss=4.6696  avg=5.37M  win=5.93M tok/s
  Transf    step=3300  val_bpt=6.581  loss=4.6143  avg=6.00M  win=5.95M tok/s
  Transf    step= 600  val_bpt=8.047  loss=5.3385  avg=5.50M  win=4.19M tok/s
  Transf    step=2700  val_bpt=6.908  loss=4.7170  avg=5.38M  win=5.76M tok/s
  Transf    step=1700  val_bpt=7.391  loss=5.4281  avg=6.01M  win=6.35M tok/s
  Transf    step=3400  val_bpt=6.505  loss=4.2741  avg=5.99M  win=5.66M tok/s
  Transf    step=2800  val_bpt=6.840  loss=5.1299  avg=5.40M  win=5.88M tok/s
  Transf    step=3500  val_bpt=6.679  loss=4.5689  avg=5.97M  win=5.15M tok/s
  Transf    step=1800  val_bpt=7.334  loss=4.5546  avg=6.04M  win=6.52M tok/s
  Transf    step= 700  val_bpt=8.053  loss=3.7248  avg=5.30M  win=4.33M tok/s
  Transf    step=3600  val_bpt=6.694  loss=4.3566  avg=5.97M  win=6.02M tok/s
  Transf    step=2900  val_bpt=6.813  loss=4.9524  avg=5.42M  win=6.14M tok/s
  Transf    step=1900  val_bpt=7.239  loss=5.1923  avg=6.06M  win=6.46M tok/s
  Transf    step=3700  val_bpt=6.526  loss=4.6448  avg=5.97M  win=6.04M tok/s
  Transf    step= 800  val_bpt=7.878  loss=5.3573  avg=5.14M  win=4.23M tok/s
  Transf    step=3000  val_bpt=6.737  loss=4.3668  avg=5.43M  win=5.78M tok/s
  Transf    step=2000  val_bpt=7.035  loss=5.0991  avg=6.07M  win=6.31M tok/s
  Transf    step=3800  val_bpt=6.364  loss=4.2654  avg=5.97M  win=5.97M tok/s
  Transf    step=3100  val_bpt=6.865  loss=4.7360  avg=5.41M  win=4.90M tok/s
  Transf    step= 900  val_bpt=7.916  loss=5.4279  avg=5.19M  win=5.64M tok/s
  Transf    step=3900  val_bpt=6.591  loss=4.3678  avg=5.98M  win=6.18M tok/s
  Transf    step=2100  val_bpt=7.211  loss=5.2085  avg=6.09M  win=6.42M tok/s
  Transf    step=3200  val_bpt=6.863  loss=4.8392  avg=5.44M  win=6.42M tok/s
  Transf    done  11.0s  avg=5.98M tok/s  final val_bpt=6.676

[ HarmonicStateful (sequential batching + state carry) ]
  Transf    step=3300  val_bpt=6.774  loss=4.4214  avg=5.47M  win=6.86M tok/s
  Transf    step=2200  val_bpt=7.279  loss=4.1081  avg=6.10M  win=6.36M tok/s
  Transf    step=1000  val_bpt=7.931  loss=5.7464  avg=5.25M  win=5.92M tok/s
  H-State   step= 100  val_bpt=8.330  loss=5.7898  avg=2.27M  win=2.27M tok/s
  Transf    step=3400  val_bpt=6.732  loss=4.2597  avg=5.51M  win=6.92M tok/s
  H-State   step= 200  val_bpt=7.838  loss=5.8033  avg=2.59M  win=3.02M tok/s
  Transf    step=2300  val_bpt=7.243  loss=4.3080  avg=6.11M  win=6.44M tok/s
  Transf    step=1100  val_bpt=7.803  loss=4.3530  avg=5.33M  win=6.18M tok/s
  Transf    step=3500  val_bpt=6.704  loss=4.4505  avg=5.53M  win=6.61M tok/s
  H-State   step= 300  val_bpt=7.521  loss=5.3259  avg=2.73M  win=3.03M tok/s
  Transf    step=2400  val_bpt=7.256  loss=4.6874  avg=6.13M  win=6.49M tok/s
  H-State   step= 400  val_bpt=7.332  loss=5.3486  avg=2.81M  win=3.10M tok/s
  Transf    step=3600  val_bpt=6.685  loss=4.6763  avg=5.56M  win=6.64M tok/s
  Transf    step=1200  val_bpt=7.323  loss=5.3632  avg=5.38M  win=6.02M tok/s
  H-State   step= 500  val_bpt=7.164  loss=4.8442  avg=2.84M  win=2.96M tok/s
  Transf    step=2500  val_bpt=7.177  loss=4.8683  avg=6.14M  win=6.48M tok/s
  Transf    step=3700  val_bpt=6.848  loss=4.6932  avg=5.58M  win=6.51M tok/s
  H-State   step= 600  val_bpt=7.076  loss=4.8732  avg=2.86M  win=3.00M tok/s
  Transf    step=3800  val_bpt=6.524  loss=4.4716  avg=5.60M  win=6.65M tok/s
  Transf    step=2600  val_bpt=7.124  loss=4.7863  avg=6.14M  win=6.08M tok/s
  H-State   step= 700  val_bpt=6.977  loss=5.2313  avg=2.90M  win=3.10M tok/s
  Transf    step=1300  val_bpt=7.305  loss=5.5339  avg=5.39M  win=5.56M tok/s
  Transf    step=3900  val_bpt=6.761  loss=4.9538  avg=5.63M  win=6.73M tok/s
  H-State   step= 800  val_bpt=6.871  loss=5.4089  avg=2.92M  win=3.10M tok/s
  Transf    step=2700  val_bpt=6.971  loss=4.7748  avg=6.15M  win=6.46M tok/s
  H-State   step= 900  val_bpt=6.813  loss=5.1334  avg=2.94M  win=3.07M tok/s
  Transf    step=1400  val_bpt=7.413  loss=5.3328  avg=5.42M  win=5.88M tok/s
  Transf    done  11.6s  avg=5.65M tok/s  final val_bpt=6.675

[ HarmonicStateful (sequential batching + state carry) ]
  Transf    step=2800  val_bpt=7.020  loss=4.8254  avg=6.15M  win=6.29M tok/s
  H-State   step=1000  val_bpt=6.765  loss=5.1694  avg=2.94M  win=3.03M tok/s
  H-State   step= 100  val_bpt=8.795  loss=5.9726  avg=2.59M  win=2.59M tok/s
  H-State   step=1100  val_bpt=6.770  loss=4.9591  avg=2.95M  win=3.07M tok/s
  Transf    step=1500  val_bpt=7.273  loss=5.4829  avg=5.44M  win=5.64M tok/s
  H-State   step= 200  val_bpt=8.256  loss=5.6044  avg=3.03M  win=3.65M tok/s
  Transf    step=2900  val_bpt=7.085  loss=5.1887  avg=6.16M  win=6.39M tok/s
  H-State   step=1200  val_bpt=6.719  loss=4.2296  avg=2.96M  win=2.99M tok/s
  H-State   step= 300  val_bpt=7.943  loss=5.2898  avg=3.23M  win=3.73M tok/s
  H-State   step=1300  val_bpt=6.657  loss=4.8196  avg=2.96M  win=3.04M tok/s
  Transf    step=3000  val_bpt=7.083  loss=4.8252  avg=6.17M  win=6.28M tok/s
  Transf    step=1600  val_bpt=7.309  loss=5.0299  avg=5.45M  win=5.65M tok/s
  H-State   step= 400  val_bpt=7.769  loss=5.4541  avg=3.35M  win=3.77M tok/s
  H-State   step=1400  val_bpt=6.605  loss=4.7642  avg=2.96M  win=2.90M tok/s
  Transf    step=3100  val_bpt=6.925  loss=4.9618  avg=6.17M  win=6.35M tok/s
  H-State   step= 500  val_bpt=7.648  loss=5.4262  avg=3.43M  win=3.80M tok/s
  H-State   step=1500  val_bpt=6.575  loss=4.8755  avg=2.96M  win=2.89M tok/s
  Transf    step=1700  val_bpt=7.479  loss=5.0589  avg=5.45M  win=5.46M tok/s
  H-State   step= 600  val_bpt=7.551  loss=4.4533  avg=3.49M  win=3.84M tok/s
  H-State   step=1600  val_bpt=6.511  loss=5.0513  avg=2.96M  win=2.98M tok/s
  Transf    step=3200  val_bpt=6.980  loss=5.2471  avg=6.18M  win=6.41M tok/s
  H-State   step= 700  val_bpt=7.416  loss=5.1846  avg=3.55M  win=3.90M tok/s
  H-State   step=1700  val_bpt=6.469  loss=5.1631  avg=2.96M  win=3.07M tok/s
  Transf    step=1800  val_bpt=7.229  loss=5.1258  avg=5.44M  win=5.27M tok/s
  Transf    step=3300  val_bpt=6.875  loss=4.6989  avg=6.18M  win=6.36M tok/s
  H-State   step= 800  val_bpt=7.308  loss=5.4650  avg=3.58M  win=3.84M tok/s
  H-State   step=1800  val_bpt=6.467  loss=4.6772  avg=2.97M  win=3.09M tok/s
  H-State   step= 900  val_bpt=7.275  loss=4.9219  avg=3.61M  win=3.88M tok/s
  H-State   step=1900  val_bpt=6.463  loss=4.6061  avg=2.97M  win=3.00M tok/s
  Transf    step=3400  val_bpt=6.744  loss=3.9542  avg=6.19M  win=6.52M tok/s
  Transf    step=1900  val_bpt=7.464  loss=5.0360  avg=5.45M  win=5.58M tok/s
  H-State   step=2000  val_bpt=6.436  loss=4.7772  avg=2.98M  win=3.08M tok/s
  H-State   step=1000  val_bpt=7.200  loss=5.1104  avg=3.64M  win=3.90M tok/s
  Transf    step=3500  val_bpt=6.780  loss=4.8538  avg=6.20M  win=6.47M tok/s
  H-State   step=2100  val_bpt=6.397  loss=5.1002  avg=2.98M  win=3.09M tok/s
  H-State   step=1100  val_bpt=7.168  loss=4.6374  avg=3.56M  win=2.92M tok/s
  Transf    step=2000  val_bpt=7.218  loss=5.2683  avg=5.48M  win=6.12M tok/s
  H-State   step=2200  val_bpt=6.395  loss=4.4013  avg=2.99M  win=3.09M tok/s
  H-State   step=1200  val_bpt=7.093  loss=5.2317  avg=3.50M  win=2.92M tok/s
  Transf    step=3600  val_bpt=6.810  loss=4.8282  avg=6.21M  win=6.40M tok/s
  H-State   step=2300  val_bpt=6.371  loss=4.4731  avg=2.99M  win=3.07M tok/s
  H-State   step=1300  val_bpt=7.022  loss=5.1265  avg=3.43M  win=2.82M tok/s
  Transf    step=2100  val_bpt=7.416  loss=5.4353  avg=5.49M  win=5.65M tok/s
  Transf    step=3700  val_bpt=6.924  loss=5.1450  avg=6.21M  win=6.36M tok/s
  H-State   step=2400  val_bpt=6.350  loss=4.7710  avg=3.00M  win=3.12M tok/s
  H-State   step=1400  val_bpt=6.999  loss=4.9332  avg=3.38M  win=2.83M tok/s
  H-State   step=2500  val_bpt=6.338  loss=4.7425  avg=3.00M  win=3.09M tok/s
  H-State   step=1500  val_bpt=6.974  loss=4.5293  avg=3.33M  win=2.78M tok/s
  Transf    step=3800  val_bpt=6.832  loss=4.5546  avg=6.22M  win=6.48M tok/s
  Transf    step=2200  val_bpt=7.172  loss=4.9945  avg=5.49M  win=5.54M tok/s
  H-State   step=2600  val_bpt=6.337  loss=4.7613  avg=3.00M  win=3.10M tok/s
  H-State   step=1600  val_bpt=6.930  loss=4.4231  avg=3.32M  win=3.10M tok/s
  H-State   step=2700  val_bpt=6.350  loss=3.8319  avg=3.01M  win=3.07M tok/s
  Transf    step=3900  val_bpt=7.044  loss=4.6005  avg=6.22M  win=6.38M tok/s
  H-State   step=1700  val_bpt=6.903  loss=4.5764  avg=3.28M  win=2.77M tok/s
  Transf    step=2300  val_bpt=7.244  loss=4.9286  avg=5.49M  win=5.48M tok/s
  H-State   step=2800  val_bpt=6.321  loss=4.1337  avg=3.00M  win=2.93M tok/s
  Transf    done  10.5s  avg=6.23M tok/s  final val_bpt=7.084

[ HarmonicStateful (sequential batching + state carry) ]
  H-State   step=1800  val_bpt=6.892  loss=4.3589  avg=3.29M  win=3.59M tok/s
  H-State   step=2900  val_bpt=6.319  loss=4.8245  avg=3.00M  win=3.05M tok/s
  H-State   step=1900  val_bpt=6.837  loss=4.9965  avg=3.32M  win=3.84M tok/s
  H-State   step=3000  val_bpt=6.296  loss=4.6401  avg=3.00M  win=3.00M tok/s
  Transf    step=2400  val_bpt=7.323  loss=5.4988  avg=5.49M  win=5.65M tok/s
  H-State   step= 100  val_bpt=8.714  loss=5.8665  avg=2.24M  win=2.24M tok/s
  H-State   step=2000  val_bpt=6.831  loss=5.3612  avg=3.34M  win=3.91M tok/s
  H-State   step=3100  val_bpt=6.282  loss=4.4833  avg=3.01M  win=3.20M tok/s
  H-State   step= 200  val_bpt=8.182  loss=5.4280  avg=2.60M  win=3.10M tok/s
  H-State   step=2100  val_bpt=6.819  loss=4.8314  avg=3.37M  win=3.92M tok/s
  H-State   step=3200  val_bpt=6.257  loss=4.1009  avg=3.01M  win=2.90M tok/s
  Transf    step=2500  val_bpt=7.065  loss=5.1683  avg=5.50M  win=5.70M tok/s
  H-State   step= 300  val_bpt=7.959  loss=4.7986  avg=2.75M  win=3.11M tok/s
  H-State   step=3300  val_bpt=6.249  loss=4.6798  avg=3.01M  win=3.16M tok/s
  H-State   step=2200  val_bpt=6.812  loss=4.2443  avg=3.39M  win=3.97M tok/s
  H-State   step= 400  val_bpt=7.711  loss=5.5454  avg=2.84M  win=3.12M tok/s
  H-State   step=3400  val_bpt=6.243  loss=4.1636  avg=3.02M  win=3.19M tok/s
  H-State   step=2300  val_bpt=6.775  loss=4.0645  avg=3.42M  win=4.04M tok/s
  Transf    step=2600  val_bpt=7.198  loss=4.6229  avg=5.51M  win=5.79M tok/s
  H-State   step=3500  val_bpt=6.250  loss=4.3024  avg=3.01M  win=2.94M tok/s
  H-State   step= 500  val_bpt=7.560  loss=4.9709  avg=2.88M  win=3.07M tok/s
  H-State   step=2400  val_bpt=6.763  loss=4.5769  avg=3.40M  win=3.12M tok/s
  H-State   step=3600  val_bpt=6.242  loss=4.0433  avg=3.01M  win=2.94M tok/s
  H-State   step=2500  val_bpt=6.758  loss=4.8471  avg=3.41M  win=3.64M tok/s
  Transf    step=2700  val_bpt=7.204  loss=5.1601  avg=5.51M  win=5.48M tok/s
  H-State   step= 600  val_bpt=7.447  loss=5.0444  avg=2.92M  win=3.15M tok/s
  H-State   step=3700  val_bpt=6.239  loss=4.2819  avg=3.01M  win=3.08M tok/s
  H-State   step=2600  val_bpt=6.736  loss=5.0372  avg=3.43M  win=3.91M tok/s
  H-State   step= 700  val_bpt=7.342  loss=5.4310  avg=2.95M  win=3.14M tok/s
  H-State   step=3800  val_bpt=6.237  loss=4.5915  avg=3.02M  win=3.09M tok/s
  H-State   step=2700  val_bpt=6.735  loss=5.0838  avg=3.45M  win=3.99M tok/s
  Transf    step=2800  val_bpt=7.222  loss=4.4522  avg=5.52M  win=5.69M tok/s
  H-State   step= 800  val_bpt=7.258  loss=5.3611  avg=2.97M  win=3.13M tok/s
  H-State   step=3900  val_bpt=6.230  loss=4.2486  avg=3.02M  win=3.12M tok/s
  H-State   step=2800  val_bpt=6.695  loss=4.6561  avg=3.46M  win=3.99M tok/s
  H-State   done  21.7s  avg=3.02M tok/s  final val_bpt=6.222

[ NoPredStateful (no pred coding + state carry) ]
  H-State   step= 900  val_bpt=7.188  loss=4.4101  avg=2.98M  win=3.08M tok/s
  H-State   step=2900  val_bpt=6.675  loss=4.6129  avg=3.48M  win=3.93M tok/s
  Transf    step=2900  val_bpt=7.284  loss=4.3625  avg=5.53M  win=5.89M tok/s
  NPS-St    step= 100  val_bpt=8.340  loss=5.7868  avg=3.34M  win=3.34M tok/s
  H-State   step=1000  val_bpt=7.104  loss=5.1770  avg=3.00M  win=3.14M tok/s
  H-State   step=3000  val_bpt=6.669  loss=4.7158  avg=3.49M  win=3.90M tok/s
  NPS-St    step= 200  val_bpt=7.828  loss=5.8129  avg=3.37M  win=3.40M tok/s
  Transf    step=3000  val_bpt=7.169  loss=5.1881  avg=5.53M  win=5.56M tok/s
  H-State   step=3100  val_bpt=6.666  loss=4.0001  avg=3.50M  win=3.92M tok/s
  H-State   step=1100  val_bpt=7.063  loss=5.3146  avg=3.01M  win=3.12M tok/s
  NPS-St    step= 300  val_bpt=7.546  loss=5.3272  avg=3.35M  win=3.32M tok/s
  H-State   step=3200  val_bpt=6.656  loss=3.9991  avg=3.51M  win=3.75M tok/s
  H-State   step=1200  val_bpt=6.987  loss=4.7609  avg=3.02M  win=3.13M tok/s
  NPS-St    step= 400  val_bpt=7.353  loss=5.3421  avg=3.34M  win=3.33M tok/s
  Transf    step=3100  val_bpt=6.964  loss=4.8249  avg=5.54M  win=5.87M tok/s
  H-State   step=3300  val_bpt=6.646  loss=4.4792  avg=3.52M  win=3.96M tok/s
  NPS-St    step= 500  val_bpt=7.189  loss=4.8612  avg=3.34M  win=3.32M tok/s
  H-State   step=1300  val_bpt=6.945  loss=5.4419  avg=3.03M  win=3.12M tok/s
  H-State   step=3400  val_bpt=6.651  loss=4.5605  avg=3.53M  win=3.94M tok/s
  NPS-St    step= 600  val_bpt=7.093  loss=4.8836  avg=3.35M  win=3.40M tok/s
  H-State   step=1400  val_bpt=6.900  loss=5.0662  avg=3.03M  win=3.14M tok/s
  Transf    step=3200  val_bpt=7.050  loss=4.8577  avg=5.55M  win=5.68M tok/s
  H-State   step=3500  val_bpt=6.630  loss=4.5333  avg=3.54M  win=3.94M tok/s
  NPS-St    step= 700  val_bpt=6.991  loss=5.2287  avg=3.34M  win=3.25M tok/s
  H-State   step=1500  val_bpt=6.860  loss=4.6339  avg=3.04M  win=3.12M tok/s
  NPS-St    step= 800  val_bpt=6.881  loss=5.4194  avg=3.34M  win=3.34M tok/s
  H-State   step=3600  val_bpt=6.631  loss=4.4118  avg=3.54M  win=3.31M tok/s
  Transf    step=3300  val_bpt=6.999  loss=5.1680  avg=5.54M  win=5.32M tok/s
  NPS-St    step= 900  val_bpt=6.821  loss=5.1384  avg=3.34M  win=3.41M tok/s
  H-State   step=1600  val_bpt=6.830  loss=4.1380  avg=3.03M  win=2.90M tok/s
  H-State   step=3700  val_bpt=6.628  loss=4.4922  avg=3.54M  win=3.81M tok/s
  NPS-St    step=1000  val_bpt=6.773  loss=5.1718  avg=3.35M  win=3.41M tok/s
  H-State   step=3800  val_bpt=6.634  loss=4.0516  avg=3.55M  win=3.82M tok/s
  H-State   step=1700  val_bpt=6.816  loss=4.4928  avg=3.03M  win=3.02M tok/s
  NPS-St    step=1100  val_bpt=6.775  loss=4.9741  avg=3.36M  win=3.42M tok/s
  Transf    step=3400  val_bpt=6.980  loss=5.0977  avg=5.55M  win=5.91M tok/s
  H-State   step=3900  val_bpt=6.622  loss=4.5363  avg=3.55M  win=3.63M tok/s
  H-State   step=1800  val_bpt=6.788  loss=5.0974  avg=3.03M  win=3.06M tok/s
  NPS-St    step=1200  val_bpt=6.727  loss=4.2255  avg=3.36M  win=3.41M tok/s
  H-State   done  18.5s  avg=3.55M tok/s  final val_bpt=6.618

[ NoPredStateful (no pred coding + state carry) ]
  H-State   step=1900  val_bpt=6.785  loss=3.9482  avg=3.03M  win=2.94M tok/s
  NPS-St    step=1300  val_bpt=6.665  loss=4.8275  avg=3.36M  win=3.39M tok/s
  Transf    step=3500  val_bpt=7.131  loss=4.9509  avg=5.55M  win=5.58M tok/s
  NPS-St    step= 100  val_bpt=8.826  loss=5.9846  avg=3.80M  win=3.80M tok/s
  NPS-St    step=1400  val_bpt=6.620  loss=4.7774  avg=3.37M  win=3.40M tok/s
  H-State   step=2000  val_bpt=6.738  loss=5.1477  avg=3.02M  win=2.98M tok/s
  NPS-St    step= 200  val_bpt=8.276  loss=5.6359  avg=3.94M  win=4.10M tok/s
  NPS-St    step=1500  val_bpt=6.608  loss=4.8788  avg=3.37M  win=3.39M tok/s
  Transf    step=3600  val_bpt=7.169  loss=5.2003  avg=5.55M  win=5.65M tok/s
  H-State   step=2100  val_bpt=6.728  loss=4.8649  avg=3.02M  win=2.90M tok/s
  NPS-St    step= 300  val_bpt=7.958  loss=5.3124  avg=3.96M  win=4.01M tok/s
  NPS-St    step=1600  val_bpt=6.526  loss=5.0516  avg=3.37M  win=3.42M tok/s
  H-State   step=2200  val_bpt=6.686  loss=4.9115  avg=3.01M  win=2.87M tok/s
  NPS-St    step= 400  val_bpt=7.785  loss=5.4667  avg=3.87M  win=3.62M tok/s
  NPS-St    step=1700  val_bpt=6.489  loss=5.1514  avg=3.37M  win=3.41M tok/s
  Transf    step=3700  val_bpt=7.031  loss=4.6908  avg=5.56M  win=5.85M tok/s
  NPS-St    step= 500  val_bpt=7.661  loss=5.4162  avg=3.85M  win=3.76M tok/s
  H-State   step=2300  val_bpt=6.676  loss=5.1024  avg=3.01M  win=3.02M tok/s
  NPS-St    step=1800  val_bpt=6.482  loss=4.6908  avg=3.37M  win=3.24M tok/s
  NPS-St    step= 600  val_bpt=7.556  loss=4.4554  avg=3.88M  win=4.06M tok/s
  NPS-St    step=1900  val_bpt=6.467  loss=4.6055  avg=3.35M  win=3.15M tok/s
  H-State   step=2400  val_bpt=6.652  loss=4.8093  avg=3.01M  win=2.91M tok/s
  Transf    step=3800  val_bpt=6.849  loss=3.0396  avg=5.58M  win=6.25M tok/s
  NPS-St    step= 700  val_bpt=7.431  loss=5.1771  avg=3.86M  win=3.75M tok/s
  NPS-St    step=2000  val_bpt=6.454  loss=4.7830  avg=3.35M  win=3.37M tok/s
  H-State   step=2500  val_bpt=6.638  loss=4.8622  avg=3.00M  win=2.93M tok/s
  NPS-St    step=2100  val_bpt=6.423  loss=5.0912  avg=3.36M  win=3.43M tok/s
  NPS-St    step= 800  val_bpt=7.320  loss=5.4654  avg=3.89M  win=4.07M tok/s
  Transf    step=3900  val_bpt=7.038  loss=5.5489  avg=5.56M  win=5.01M tok/s
  H-State   step=2600  val_bpt=6.616  loss=3.9490  avg=3.00M  win=2.83M tok/s
  NPS-St    step=2200  val_bpt=6.420  loss=4.4058  avg=3.36M  win=3.46M tok/s
  NPS-St    step= 900  val_bpt=7.291  loss=4.9505  avg=3.93M  win=4.28M tok/s
  NPS-St    step=2300  val_bpt=6.391  loss=4.4852  avg=3.36M  win=3.40M tok/s
  H-State   step=2700  val_bpt=6.597  loss=3.2704  avg=2.99M  win=2.79M tok/s
  NPS-St    step=1000  val_bpt=7.209  loss=5.1119  avg=3.95M  win=4.19M tok/s
  Transf    done  11.8s  avg=5.54M tok/s  final val_bpt=6.804

[ HarmonicStateful (sequential batching + state carry) ]
  NPS-St    step=2400  val_bpt=6.370  loss=4.7723  avg=3.36M  win=3.33M tok/s
  NPS-St    step=1100  val_bpt=7.182  loss=4.6474  avg=3.98M  win=4.28M tok/s
  H-State   step=2800  val_bpt=6.577  loss=4.6243  avg=2.99M  win=3.05M tok/s
  NPS-St    step=2500  val_bpt=6.362  loss=4.7435  avg=3.36M  win=3.32M tok/s
  NPS-St    step=1200  val_bpt=7.124  loss=5.2372  avg=3.99M  win=4.13M tok/s
  H-State   step= 100  val_bpt=8.994  loss=5.9323  avg=2.20M  win=2.20M tok/s
  H-State   step=2900  val_bpt=6.566  loss=4.4366  avg=3.00M  win=3.16M tok/s
  NPS-St    step=2600  val_bpt=6.354  loss=4.7662  avg=3.36M  win=3.31M tok/s
  NPS-St    step=1300  val_bpt=7.041  loss=5.1242  avg=4.01M  win=4.19M tok/s
  H-State   step=3000  val_bpt=6.549  loss=4.9773  avg=3.00M  win=3.12M tok/s
  NPS-St    step=2700  val_bpt=6.373  loss=3.8500  avg=3.36M  win=3.38M tok/s
  H-State   step= 200  val_bpt=8.514  loss=5.1938  avg=2.49M  win=2.88M tok/s
  NPS-St    step=1400  val_bpt=7.019  loss=4.9496  avg=4.02M  win=4.20M tok/s
  NPS-St    step=2800  val_bpt=6.352  loss=4.1341  avg=3.36M  win=3.38M tok/s
  H-State   step=3100  val_bpt=6.543  loss=4.6017  avg=3.00M  win=3.08M tok/s
  NPS-St    step=1500  val_bpt=6.982  loss=4.5273  avg=4.04M  win=4.28M tok/s
  H-State   step= 300  val_bpt=8.198  loss=5.5155  avg=2.70M  win=3.25M tok/s
  NPS-St    step=2900  val_bpt=6.338  loss=4.8217  avg=3.36M  win=3.39M tok/s
  H-State   step=3200  val_bpt=6.531  loss=5.0010  avg=3.01M  win=3.13M tok/s
  NPS-St    step=1600  val_bpt=6.947  loss=4.4226  avg=4.04M  win=4.13M tok/s
  NPS-St    step=3000  val_bpt=6.323  loss=4.6465  avg=3.35M  win=3.08M tok/s
  H-State   step= 400  val_bpt=8.010  loss=5.7160  avg=2.85M  win=3.41M tok/s
  H-State   step=3300  val_bpt=6.533  loss=4.4023  avg=3.01M  win=2.96M tok/s
  NPS-St    step=1700  val_bpt=6.924  loss=4.5871  avg=4.07M  win=4.49M tok/s
  NPS-St    step=3100  val_bpt=6.315  loss=4.5057  avg=3.35M  win=3.33M tok/s
  NPS-St    step=1800  val_bpt=6.905  loss=4.3485  avg=4.08M  win=4.40M tok/s
  H-State   step=3400  val_bpt=6.520  loss=4.6879  avg=3.01M  win=3.06M tok/s
  NPS-St    step=3200  val_bpt=6.277  loss=4.1073  avg=3.35M  win=3.33M tok/s
  H-State   step= 500  val_bpt=7.861  loss=4.8431  avg=2.90M  win=3.11M tok/s
  NPS-St    step=1900  val_bpt=6.858  loss=5.0029  avg=4.10M  win=4.52M tok/s
  NPS-St    step=3300  val_bpt=6.268  loss=4.6798  avg=3.35M  win=3.36M tok/s
  H-State   step=3500  val_bpt=6.540  loss=2.9005  avg=3.01M  win=3.01M tok/s
  H-State   step= 600  val_bpt=7.725  loss=5.3533  avg=2.94M  win=3.19M tok/s
  NPS-St    step=2000  val_bpt=6.849  loss=5.3782  avg=4.12M  win=4.43M tok/s
  NPS-St    step=3400  val_bpt=6.267  loss=4.1734  avg=3.35M  win=3.30M tok/s
  H-State   step=3600  val_bpt=6.513  loss=4.6056  avg=3.01M  win=2.99M tok/s
  NPS-St    step=2100  val_bpt=6.834  loss=4.8197  avg=4.14M  win=4.51M tok/s
  NPS-St    step=3500  val_bpt=6.268  loss=4.3114  avg=3.34M  win=3.19M tok/s
  H-State   step= 700  val_bpt=7.650  loss=5.3921  avg=2.98M  win=3.21M tok/s
  H-State   step=3700  val_bpt=6.516  loss=4.6684  avg=3.01M  win=3.01M tok/s
  NPS-St    step=3600  val_bpt=6.262  loss=4.0512  avg=3.34M  win=3.12M tok/s
  NPS-St    step=2200  val_bpt=6.833  loss=4.2577  avg=4.15M  win=4.34M tok/s
  H-State   step= 800  val_bpt=7.604  loss=4.5722  avg=3.00M  win=3.13M tok/s
  NPS-St    step=3700  val_bpt=6.261  loss=4.2905  avg=3.33M  win=3.06M tok/s
  H-State   step=3800  val_bpt=6.505  loss=4.4543  avg=3.01M  win=3.00M tok/s
  NPS-St    step=2300  val_bpt=6.794  loss=4.0829  avg=4.16M  win=4.40M tok/s
  NPS-St    step=3800  val_bpt=6.261  loss=4.6247  avg=3.33M  win=3.19M tok/s
  NPS-St    step=2400  val_bpt=6.781  loss=4.5922  avg=4.17M  win=4.39M tok/s
  H-State   step=3900  val_bpt=6.503  loss=4.4422  avg=3.01M  win=3.05M tok/s
  H-State   step= 900  val_bpt=7.540  loss=5.6684  avg=3.02M  win=3.25M tok/s
  NPS-St    step=3900  val_bpt=6.246  loss=4.2531  avg=3.32M  win=3.15M tok/s
  NPS-St    step=2500  val_bpt=6.767  loss=4.8457  avg=4.15M  win=3.86M tok/s
  H-State   done  21.8s  avg=3.01M tok/s  final val_bpt=6.496

[ NoPredStateful (no pred coding + state carry) ]
  NPS-St    done  19.8s  avg=3.32M tok/s  final val_bpt=6.241

[  ]
-----------------------------------------------------------------
| step   | H bpt    | TF bpt   | H-State bpt| NPS-St bpt| tokens M |
-----------------------------------------------------------------
|      0 |   16.355 |   15.846 |   16.192 |   16.307 |      0.0 |
|    100 |    8.531 |    8.876 |    8.330 |    8.340 |      1.6 |
|    200 |    8.038 |    8.324 |    7.838 |    7.828 |      3.3 |
|    300 |    7.804 |    8.104 |    7.521 |    7.546 |      4.9 |
|    400 |    7.770 |    8.062 |    7.332 |    7.353 |      6.6 |
|    500 |    7.360 |    7.663 |    7.164 |    7.189 |      8.2 |
|    600 |    7.276 |    7.577 |    7.076 |    7.093 |      9.8 |
|    700 |    7.077 |    7.367 |    6.977 |    6.991 |     11.5 |
|    800 |    7.130 |    7.397 |    6.871 |    6.881 |     13.1 |
|    900 |    6.999 |    7.243 |    6.813 |    6.821 |     14.7 |
|   1000 |    7.053 |    7.292 |    6.765 |    6.773 |     16.4 |
|   1100 |    6.813 |    7.061 |    6.770 |    6.775 |     18.0 |
|   1200 |    7.015 |    7.217 |    6.719 |    6.727 |     19.7 |
|   1300 |    6.645 |    6.881 |    6.657 |    6.665 |     21.3 |
|   1400 |    6.862 |    7.065 |    6.605 |    6.620 |     22.9 |
|   1500 |    6.869 |    7.059 |    6.575 |    6.608 |     24.6 |
|   1600 |    6.630 |    6.831 |    6.511 |    6.526 |     26.2 |
|   1700 |    6.771 |    6.951 |    6.469 |    6.489 |     27.9 |
|   1800 |    6.540 |    6.705 |    6.467 |    6.482 |     29.5 |
|   1900 |    6.675 |    6.838 |    6.463 |    6.467 |     31.1 |
|   2000 |    6.628 |    6.790 |    6.436 |    6.454 |     32.8 |
|   2100 |    6.568 |    6.747 |    6.397 |    6.423 |     34.4 |
|   2200 |    6.633 |    6.767 |    6.395 |    6.420 |     36.0 |
|   2300 |    6.650 |    6.802 |    6.371 |    6.391 |     37.7 |
|   2400 |    6.753 |    6.902 |    6.350 |    6.370 |     39.3 |
|   2500 |    6.556 |    6.702 |    6.338 |    6.362 |     41.0 |
|   2600 |    6.701 |    6.826 |    6.337 |    6.354 |     42.6 |
|   2700 |    6.569 |    6.699 |    6.350 |    6.373 |     44.2 |
|   2800 |    6.563 |    6.695 |    6.321 |    6.352 |     45.9 |
|   2900 |    6.619 |    6.740 |    6.319 |    6.338 |     47.5 |
|   3000 |    6.302 |    6.450 |    6.296 |    6.323 |     49.2 |
|   3100 |    6.556 |    6.673 |    6.282 |    6.315 |     50.8 |
|   3200 |    6.409 |    6.531 |    6.257 |    6.277 |     52.4 |
|   3300 |    6.482 |    6.581 |    6.249 |    6.268 |     54.1 |
|   3400 |    6.378 |    6.505 |    6.243 |    6.267 |     55.7 |
|   3500 |    6.566 |    6.679 |    6.250 |    6.268 |     57.3 |
|   3600 |    6.583 |    6.694 |    6.242 |    6.262 |     59.0 |
|   3700 |    6.411 |    6.526 |    6.239 |    6.261 |     60.6 |
|   3800 |    6.242 |    6.364 |    6.237 |    6.261 |     62.3 |
|   3900 |    6.478 |    6.591 |    6.230 |    6.246 |     63.9 |
|   4000 |    6.571 |    6.676 |    6.222 |    6.241 |     65.5 |
-----------------------------------------------------------------

Model          final bpt     vs H         tok/s
--------------------------------------------------
H              6.571               —      6.34M
TF             6.676      +1.6% worse      5.98M
H-State        6.222     -5.3% better      3.02M
NPS-St         6.241     -5.0% better      3.32M

Optimizations:
  Triton SSM scan: yes
  torch.compile:   yes
  H-State   step=1000  val_bpt=7.463  loss=5.0876  avg=3.04M  win=3.21M tok/s
  NPS-St    step=2600  val_bpt=6.747  loss=5.0491  avg=4.10M  win=3.04M tok/s
  NPS-St    step= 100  val_bpt=8.720  loss=5.8662  avg=2.43M  win=2.43M tok/s
  NPS-St    step=2700  val_bpt=6.747  loss=5.0866  avg=4.04M  win=2.98M tok/s
  H-State   step=1100  val_bpt=7.416  loss=5.2331  avg=3.05M  win=3.16M tok/s
  NPS-St    step= 200  val_bpt=8.175  loss=5.4026  avg=2.52M  win=2.61M tok/s
  NPS-St    step=2800  val_bpt=6.711  loss=4.6464  avg=4.00M  win=3.16M tok/s
  H-State   step=1200  val_bpt=7.375  loss=5.2092  avg=3.06M  win=3.14M tok/s
  NPS-St    step= 300  val_bpt=7.959  loss=4.7945  avg=2.60M  win=2.78M tok/s
  NPS-St    step=2900  val_bpt=6.691  loss=4.6125  avg=3.97M  win=3.20M tok/s
  NPS-St    step=3000  val_bpt=6.685  loss=4.7346  avg=3.93M  win=3.16M tok/s
  NPS-St    step= 400  val_bpt=7.715  loss=5.5481  avg=2.64M  win=2.78M tok/s
  H-State   step=1300  val_bpt=7.321  loss=4.8893  avg=3.06M  win=3.10M tok/s
  NPS-St    step=3100  val_bpt=6.680  loss=3.9950  avg=3.89M  win=3.00M tok/s
  NPS-St    step= 500  val_bpt=7.562  loss=4.9577  avg=2.67M  win=2.78M tok/s
  H-State   step=1400  val_bpt=7.273  loss=5.0675  avg=3.07M  win=3.13M tok/s
  NPS-St    step=3200  val_bpt=6.671  loss=4.0171  avg=3.86M  win=3.00M tok/s
  NPS-St    step= 600  val_bpt=7.445  loss=5.0477  avg=2.70M  win=2.86M tok/s
  NPS-St    step=3300  val_bpt=6.667  loss=4.4946  avg=3.83M  win=3.05M tok/s
  H-State   step=1500  val_bpt=7.226  loss=4.9504  avg=3.07M  win=3.20M tok/s
  NPS-St    step= 700  val_bpt=7.343  loss=5.4081  avg=2.77M  win=3.29M tok/s
  NPS-St    step=3400  val_bpt=6.667  loss=4.5735  avg=3.79M  win=2.97M tok/s
  NPS-St    step= 800  val_bpt=7.262  loss=5.3487  avg=2.83M  win=3.32M tok/s
  H-State   step=1600  val_bpt=7.161  loss=5.5581  avg=3.08M  win=3.10M tok/s
  NPS-St    step=3500  val_bpt=6.647  loss=4.5417  avg=3.81M  win=4.26M tok/s
  NPS-St    step=3600  val_bpt=6.646  loss=4.4131  avg=3.80M  win=3.68M tok/s
  NPS-St    step= 900  val_bpt=7.182  loss=4.3936  avg=2.88M  win=3.38M tok/s
  H-State   step=1700  val_bpt=7.135  loss=4.8513  avg=3.08M  win=3.19M tok/s
  NPS-St    step=3700  val_bpt=6.641  loss=4.5032  avg=3.81M  win=4.28M tok/s
  NPS-St    step=1000  val_bpt=7.114  loss=5.1924  avg=2.92M  win=3.36M tok/s
  H-State   step=1800  val_bpt=7.129  loss=4.9069  avg=3.09M  win=3.25M tok/s
  NPS-St    step=3800  val_bpt=6.651  loss=4.0531  avg=3.82M  win=4.28M tok/s
  NPS-St    step=1100  val_bpt=7.076  loss=5.3096  avg=2.96M  win=3.37M tok/s
  NPS-St    step=3900  val_bpt=6.637  loss=4.5405  avg=3.83M  win=4.18M tok/s
  H-State   step=1900  val_bpt=7.094  loss=4.4115  avg=3.11M  win=3.40M tok/s
  NPS-St    step=1200  val_bpt=6.995  loss=4.7786  avg=2.99M  win=3.33M tok/s
  NPS-St    done  17.1s  avg=3.84M tok/s  final val_bpt=6.633

[  ]
-----------------------------------------------------------------
| step   | H bpt    | TF bpt   | H-State bpt| NPS-St bpt| tokens M |
-----------------------------------------------------------------
|      0 |   16.544 |   15.836 |   16.298 |   16.496 |      0.0 |
|    100 |    8.577 |    8.960 |    8.795 |    8.826 |      1.6 |
|    200 |    8.442 |    8.710 |    8.256 |    8.276 |      3.3 |
|    300 |    7.856 |    8.177 |    7.943 |    7.958 |      4.9 |
|    400 |    7.704 |    8.043 |    7.769 |    7.785 |      6.6 |
|    500 |    7.380 |    7.738 |    7.648 |    7.661 |      8.2 |
|    600 |    7.274 |    7.628 |    7.551 |    7.556 |      9.8 |
|    700 |    7.177 |    7.543 |    7.416 |    7.431 |     11.5 |
|    800 |    7.228 |    7.566 |    7.308 |    7.320 |     13.1 |
|    900 |    6.901 |    7.278 |    7.275 |    7.291 |     14.7 |
|   1000 |    7.150 |    7.489 |    7.200 |    7.209 |     16.4 |
|   1100 |    6.756 |    7.101 |    7.168 |    7.182 |     18.0 |
|   1200 |    6.955 |    7.304 |    7.093 |    7.124 |     19.7 |
|   1300 |    6.980 |    7.325 |    7.022 |    7.041 |     21.3 |
|   1400 |    6.880 |    7.222 |    6.999 |    7.019 |     22.9 |
|   1500 |    6.955 |    7.257 |    6.974 |    6.982 |     24.6 |
|   1600 |    7.143 |    7.440 |    6.930 |    6.947 |     26.2 |
|   1700 |    6.636 |    6.970 |    6.903 |    6.924 |     27.9 |
|   1800 |    6.669 |    6.957 |    6.892 |    6.905 |     29.5 |
|   1900 |    6.711 |    7.011 |    6.837 |    6.858 |     31.1 |
|   2000 |    6.547 |    6.845 |    6.831 |    6.849 |     32.8 |
|   2100 |    6.702 |    6.984 |    6.819 |    6.834 |     34.4 |
|   2200 |    6.542 |    6.843 |    6.812 |    6.833 |     36.0 |
|   2300 |    6.506 |    6.799 |    6.775 |    6.794 |     37.7 |
|   2400 |    6.515 |    6.808 |    6.763 |    6.781 |     39.3 |
|   2500 |    6.678 |    6.949 |    6.758 |    6.767 |     41.0 |
|   2600 |    6.562 |    6.848 |    6.736 |    6.747 |     42.6 |
|   2700 |    6.652 |    6.908 |    6.735 |    6.747 |     44.2 |
|   2800 |    6.571 |    6.840 |    6.695 |    6.711 |     45.9 |
|   2900 |    6.568 |    6.813 |    6.675 |    6.691 |     47.5 |
|   3000 |    6.482 |    6.737 |    6.669 |    6.685 |     49.2 |
|   3100 |    6.609 |    6.865 |    6.666 |    6.680 |     50.8 |
|   3200 |    6.602 |    6.863 |    6.656 |    6.671 |     52.4 |
|   3300 |    6.528 |    6.774 |    6.646 |    6.667 |     54.1 |
|   3400 |    6.483 |    6.732 |    6.651 |    6.667 |     55.7 |
|   3500 |    6.446 |    6.704 |    6.630 |    6.647 |     57.3 |
|   3600 |    6.437 |    6.685 |    6.631 |    6.646 |     59.0 |
|   3700 |    6.592 |    6.848 |    6.628 |    6.641 |     60.6 |
|   3800 |    6.252 |    6.524 |    6.634 |    6.651 |     62.3 |
|   3900 |    6.529 |    6.761 |    6.622 |    6.637 |     63.9 |
|   4000 |    6.428 |    6.675 |    6.618 |    6.633 |     65.5 |
-----------------------------------------------------------------

Model          final bpt     vs H         tok/s
--------------------------------------------------
H              6.428               —      5.88M
TF             6.675      +3.8% worse      5.65M
H-State        6.618      +3.0% worse      3.55M
NPS-St         6.633      +3.2% worse      3.84M

Optimizations:
  Triton SSM scan: yes
  torch.compile:   yes
  NPS-St    step=1300  val_bpt=6.967  loss=5.4695  avg=3.01M  win=3.29M tok/s
  H-State   step=2000  val_bpt=7.078  loss=4.9904  avg=3.12M  win=3.49M tok/s
  NPS-St    step=1400  val_bpt=6.915  loss=5.0844  avg=3.03M  win=3.34M tok/s
  H-State   step=2100  val_bpt=7.042  loss=5.2195  avg=3.14M  win=3.49M tok/s
  NPS-St    step=1500  val_bpt=6.870  loss=4.6339  avg=3.05M  win=3.33M tok/s
  H-State   step=2200  val_bpt=7.020  loss=4.6646  avg=3.14M  win=3.24M tok/s
  NPS-St    step=1600  val_bpt=6.849  loss=4.1542  avg=3.07M  win=3.35M tok/s
  H-State   step=2300  val_bpt=7.034  loss=4.6721  avg=3.15M  win=3.22M tok/s
  NPS-St    step=1700  val_bpt=6.831  loss=4.4927  avg=3.08M  win=3.27M tok/s
  NPS-St    step=1800  val_bpt=6.803  loss=5.0972  avg=3.09M  win=3.31M tok/s
  H-State   step=2400  val_bpt=6.997  loss=4.7833  avg=3.15M  win=3.31M tok/s
  NPS-St    step=1900  val_bpt=6.802  loss=3.9561  avg=3.10M  win=3.33M tok/s
  H-State   step=2500  val_bpt=6.990  loss=4.9161  avg=3.16M  win=3.39M tok/s
  NPS-St    step=2000  val_bpt=6.753  loss=5.1686  avg=3.11M  win=3.22M tok/s
  H-State   step=2600  val_bpt=6.968  loss=4.7585  avg=3.17M  win=3.30M tok/s
  NPS-St    step=2100  val_bpt=6.744  loss=4.8641  avg=3.11M  win=3.28M tok/s
  NPS-St    step=2200  val_bpt=6.700  loss=4.8965  avg=3.12M  win=3.18M tok/s
  H-State   step=2700  val_bpt=6.957  loss=4.7637  avg=3.17M  win=3.29M tok/s
  NPS-St    step=2300  val_bpt=6.694  loss=5.1270  avg=3.12M  win=3.28M tok/s
  H-State   step=2800  val_bpt=6.946  loss=5.3638  avg=3.18M  win=3.34M tok/s
  NPS-St    step=2400  val_bpt=6.672  loss=4.8123  avg=3.13M  win=3.30M tok/s
  H-State   step=2900  val_bpt=6.934  loss=5.1484  avg=3.18M  win=3.27M tok/s
  NPS-St    step=2500  val_bpt=6.653  loss=4.8500  avg=3.14M  win=3.27M tok/s
  H-State   step=3000  val_bpt=6.909  loss=5.3617  avg=3.18M  win=3.22M tok/s
  NPS-St    step=2600  val_bpt=6.633  loss=3.9600  avg=3.14M  win=3.28M tok/s
  NPS-St    step=2700  val_bpt=6.614  loss=3.2677  avg=3.15M  win=3.26M tok/s
  H-State   step=3100  val_bpt=6.892  loss=5.1779  avg=3.18M  win=3.12M tok/s
  NPS-St    step=2800  val_bpt=6.595  loss=4.6317  avg=3.14M  win=3.09M tok/s
  H-State   step=3200  val_bpt=6.876  loss=4.7686  avg=3.18M  win=3.14M tok/s
  NPS-St    step=2900  val_bpt=6.589  loss=4.4511  avg=3.14M  win=3.11M tok/s
  H-State   step=3300  val_bpt=6.875  loss=5.2385  avg=3.18M  win=3.18M tok/s
  NPS-St    step=3000  val_bpt=6.570  loss=4.9879  avg=3.14M  win=3.13M tok/s
  NPS-St    step=3100  val_bpt=6.561  loss=4.6108  avg=3.14M  win=3.07M tok/s
  H-State   step=3400  val_bpt=6.876  loss=4.5098  avg=3.18M  win=3.18M tok/s
  NPS-St    step=3200  val_bpt=6.550  loss=5.0157  avg=3.14M  win=3.19M tok/s
  H-State   step=3500  val_bpt=6.874  loss=4.7256  avg=3.18M  win=3.10M tok/s
  NPS-St    step=3300  val_bpt=6.547  loss=4.4263  avg=3.14M  win=3.19M tok/s
  H-State   step=3600  val_bpt=6.865  loss=3.4918  avg=3.17M  win=2.94M tok/s
  NPS-St    step=3400  val_bpt=6.539  loss=4.6789  avg=3.14M  win=3.01M tok/s
  H-State   step=3700  val_bpt=6.860  loss=4.5846  avg=3.16M  win=2.74M tok/s
  NPS-St    step=3500  val_bpt=6.554  loss=2.8999  avg=3.14M  win=3.12M tok/s
  NPS-St    step=3600  val_bpt=6.531  loss=4.6236  avg=3.14M  win=3.34M tok/s
  H-State   step=3800  val_bpt=6.853  loss=4.4876  avg=3.16M  win=3.13M tok/s
  NPS-St    step=3700  val_bpt=6.532  loss=4.6924  avg=3.15M  win=3.35M tok/s
  H-State   step=3900  val_bpt=6.858  loss=3.8113  avg=3.16M  win=3.24M tok/s
  NPS-St    step=3800  val_bpt=6.525  loss=4.4542  avg=3.15M  win=3.34M tok/s
  H-State   done  20.9s  avg=3.14M tok/s  final val_bpt=6.852

[ NoPredStateful (no pred coding + state carry) ]
  NPS-St    step=3900  val_bpt=6.519  loss=4.4567  avg=3.16M  win=3.33M tok/s
  NPS-St    done  20.7s  avg=3.16M tok/s  final val_bpt=6.514

[  ]
-----------------------------------------------------------------
| step   | H bpt    | TF bpt   | H-State bpt| NPS-St bpt| tokens M |
-----------------------------------------------------------------
|      0 |   16.350 |   15.825 |   16.352 |   16.477 |      0.0 |
|    100 |    8.635 |    9.072 |    8.714 |    8.720 |      1.6 |
|    200 |    8.358 |    8.723 |    8.182 |    8.175 |      3.3 |
|    300 |    7.931 |    8.329 |    7.959 |    7.959 |      4.9 |
|    400 |    7.266 |    7.745 |    7.711 |    7.715 |      6.6 |
|    500 |    7.360 |    7.810 |    7.560 |    7.562 |      8.2 |
|    600 |    7.286 |    7.741 |    7.447 |    7.445 |      9.8 |
|    700 |    7.523 |    7.971 |    7.342 |    7.343 |     11.5 |
|    800 |    7.546 |    7.980 |    7.258 |    7.262 |     13.1 |
|    900 |    7.264 |    7.716 |    7.188 |    7.182 |     14.7 |
|   1000 |    6.987 |    7.451 |    7.104 |    7.114 |     16.4 |
|   1100 |    7.206 |    7.644 |    7.063 |    7.076 |     18.0 |
|   1200 |    7.116 |    7.572 |    6.987 |    6.995 |     19.7 |
|   1300 |    6.997 |    7.433 |    6.945 |    6.967 |     21.3 |
|   1400 |    6.757 |    7.243 |    6.900 |    6.915 |     22.9 |
|   1500 |    6.702 |    7.197 |    6.860 |    6.870 |     24.6 |
|   1600 |    6.868 |    7.335 |    6.830 |    6.849 |     26.2 |
|   1700 |    6.900 |    7.391 |    6.816 |    6.831 |     27.9 |
|   1800 |    6.872 |    7.334 |    6.788 |    6.803 |     29.5 |
|   1900 |    6.771 |    7.239 |    6.785 |    6.802 |     31.1 |
|   2000 |    6.551 |    7.035 |    6.738 |    6.753 |     32.8 |
|   2100 |    6.778 |    7.211 |    6.728 |    6.744 |     34.4 |
|   2200 |    6.826 |    7.279 |    6.686 |    6.700 |     36.0 |
|   2300 |    6.810 |    7.243 |    6.676 |    6.694 |     37.7 |
|   2400 |    6.836 |    7.256 |    6.652 |    6.672 |     39.3 |
|   2500 |    6.761 |    7.177 |    6.638 |    6.653 |     41.0 |
|   2600 |    6.681 |    7.124 |    6.616 |    6.633 |     42.6 |
|   2700 |    6.547 |    6.971 |    6.597 |    6.614 |     44.2 |
|   2800 |    6.585 |    7.020 |    6.577 |    6.595 |     45.9 |
|   2900 |    6.682 |    7.085 |    6.566 |    6.589 |     47.5 |
|   3000 |    6.680 |    7.083 |    6.549 |    6.570 |     49.2 |
|   3100 |    6.496 |    6.925 |    6.543 |    6.561 |     50.8 |
|   3200 |    6.563 |    6.980 |    6.531 |    6.550 |     52.4 |
|   3300 |    6.418 |    6.875 |    6.533 |    6.547 |     54.1 |
|   3400 |    6.319 |    6.744 |    6.520 |    6.539 |     55.7 |
|   3500 |    6.341 |    6.780 |    6.540 |    6.554 |     57.3 |
|   3600 |    6.382 |    6.810 |    6.513 |    6.531 |     59.0 |
|   3700 |    6.487 |    6.924 |    6.516 |    6.532 |     60.6 |
|   3800 |    6.421 |    6.832 |    6.505 |    6.525 |     62.3 |
|   3900 |    6.647 |    7.044 |    6.503 |    6.519 |     63.9 |
|   4000 |    6.692 |    7.084 |    6.496 |    6.514 |     65.5 |
-----------------------------------------------------------------

Model          final bpt     vs H         tok/s
--------------------------------------------------
H              6.692               —      6.89M
TF             7.084      +5.9% worse      6.23M
H-State        6.496     -2.9% better      3.01M
NPS-St         6.514     -2.7% better      3.16M

Optimizations:
  Triton SSM scan: yes
  torch.compile:   yes
  NPS-St    step= 100  val_bpt=9.021  loss=5.9550  avg=2.34M  win=2.34M tok/s
  NPS-St    step= 200  val_bpt=8.537  loss=5.2292  avg=2.38M  win=2.42M tok/s
  NPS-St    step= 300  val_bpt=8.214  loss=5.5190  avg=2.38M  win=2.38M tok/s
  NPS-St    step= 400  val_bpt=8.010  loss=5.7275  avg=2.54M  win=3.20M tok/s
  NPS-St    step= 500  val_bpt=7.866  loss=4.8625  avg=2.66M  win=3.26M tok/s
  NPS-St    step= 600  val_bpt=7.719  loss=5.3330  avg=2.75M  win=3.27M tok/s
  NPS-St    step= 700  val_bpt=7.647  loss=5.4004  avg=2.82M  win=3.32M tok/s
  NPS-St    step= 800  val_bpt=7.602  loss=4.5742  avg=2.87M  win=3.37M tok/s
  NPS-St    step= 900  val_bpt=7.542  loss=5.6730  avg=2.92M  win=3.37M tok/s
  NPS-St    step=1000  val_bpt=7.468  loss=5.0847  avg=2.96M  win=3.35M tok/s
  NPS-St    step=1100  val_bpt=7.423  loss=5.2254  avg=2.98M  win=3.18M tok/s
  NPS-St    step=1200  val_bpt=7.381  loss=5.2205  avg=3.01M  win=3.39M tok/s
  NPS-St    step=1300  val_bpt=7.314  loss=4.8847  avg=3.04M  win=3.43M tok/s
  NPS-St    step=1400  val_bpt=7.281  loss=5.0848  avg=3.06M  win=3.46M tok/s
  NPS-St    step=1500  val_bpt=7.229  loss=4.9551  avg=3.08M  win=3.36M tok/s
  NPS-St    step=1600  val_bpt=7.161  loss=5.5401  avg=3.09M  win=3.26M tok/s
  NPS-St    step=1700  val_bpt=7.147  loss=4.8484  avg=3.10M  win=3.28M tok/s
  NPS-St    step=1800  val_bpt=7.134  loss=4.9106  avg=3.11M  win=3.34M tok/s
  NPS-St    step=1900  val_bpt=7.099  loss=4.4284  avg=3.12M  win=3.20M tok/s
  NPS-St    step=2000  val_bpt=7.077  loss=4.9884  avg=3.13M  win=3.32M tok/s
  NPS-St    step=2100  val_bpt=7.051  loss=5.2306  avg=3.14M  win=3.29M tok/s
  NPS-St    step=2200  val_bpt=7.026  loss=4.6540  avg=3.13M  win=3.03M tok/s
  NPS-St    step=2300  val_bpt=7.035  loss=4.6796  avg=3.12M  win=2.97M tok/s
  NPS-St    step=2400  val_bpt=7.006  loss=4.7954  avg=3.13M  win=3.30M tok/s
  NPS-St    step=2500  val_bpt=6.994  loss=4.9357  avg=3.13M  win=3.09M tok/s
  NPS-St    step=2600  val_bpt=6.978  loss=4.7591  avg=3.12M  win=2.87M tok/s
  NPS-St    step=2700  val_bpt=6.966  loss=4.7916  avg=3.11M  win=2.99M tok/s
  NPS-St    step=2800  val_bpt=6.957  loss=5.3777  avg=3.12M  win=3.17M tok/s
  NPS-St    step=2900  val_bpt=6.939  loss=5.1616  avg=3.11M  win=3.02M tok/s
  NPS-St    step=3000  val_bpt=6.919  loss=5.3940  avg=3.11M  win=3.08M tok/s
  NPS-St    step=3100  val_bpt=6.901  loss=5.1703  avg=3.11M  win=3.20M tok/s
  NPS-St    step=3200  val_bpt=6.882  loss=4.7660  avg=3.12M  win=3.26M tok/s
  NPS-St    step=3300  val_bpt=6.887  loss=5.2235  avg=3.12M  win=3.33M tok/s
  NPS-St    step=3400  val_bpt=6.882  loss=4.5075  avg=3.13M  win=3.35M tok/s
  NPS-St    step=3500  val_bpt=6.878  loss=4.7317  avg=3.10M  win=2.43M tok/s
  NPS-St    step=3600  val_bpt=6.876  loss=3.5155  avg=3.08M  win=2.35M tok/s
  NPS-St    step=3700  val_bpt=6.865  loss=4.5873  avg=3.06M  win=2.46M tok/s
  NPS-St    step=3800  val_bpt=6.862  loss=4.4868  avg=3.04M  win=2.47M tok/s
  NPS-St    step=3900  val_bpt=6.861  loss=3.8046  avg=3.04M  win=3.33M tok/s
  NPS-St    done  21.5s  avg=3.05M tok/s  final val_bpt=6.856

[  ]
-----------------------------------------------------------------
| step   | H bpt    | TF bpt   | H-State bpt| NPS-St bpt| tokens M |
-----------------------------------------------------------------
|      0 |   16.144 |   15.820 |   16.201 |   16.569 |      0.0 |
|    100 |    8.481 |    8.999 |    8.994 |    9.021 |      1.6 |
|    200 |    7.767 |    8.253 |    8.514 |    8.537 |      3.3 |
|    300 |    8.017 |    8.464 |    8.198 |    8.214 |      4.9 |
|    400 |    7.430 |    7.935 |    8.010 |    8.010 |      6.6 |
|    500 |    7.576 |    8.071 |    7.861 |    7.866 |      8.2 |
|    600 |    7.577 |    8.047 |    7.725 |    7.719 |      9.8 |
|    700 |    7.535 |    8.053 |    7.650 |    7.647 |     11.5 |
|    800 |    7.367 |    7.878 |    7.604 |    7.602 |     13.1 |
|    900 |    7.422 |    7.916 |    7.540 |    7.542 |     14.7 |
|   1000 |    7.431 |    7.931 |    7.463 |    7.468 |     16.4 |
|   1100 |    7.295 |    7.803 |    7.416 |    7.423 |     18.0 |
|   1200 |    6.796 |    7.323 |    7.375 |    7.381 |     19.7 |
|   1300 |    6.738 |    7.305 |    7.321 |    7.314 |     21.3 |
|   1400 |    6.825 |    7.413 |    7.273 |    7.281 |     22.9 |
|   1500 |    6.710 |    7.273 |    7.226 |    7.229 |     24.6 |
|   1600 |    6.776 |    7.309 |    7.161 |    7.161 |     26.2 |
|   1700 |    6.910 |    7.479 |    7.135 |    7.147 |     27.9 |
|   1800 |    6.680 |    7.229 |    7.129 |    7.134 |     29.5 |
|   1900 |    6.863 |    7.464 |    7.094 |    7.099 |     31.1 |
|   2000 |    6.722 |    7.218 |    7.078 |    7.077 |     32.8 |
|   2100 |    6.876 |    7.416 |    7.042 |    7.051 |     34.4 |
|   2200 |    6.646 |    7.172 |    7.020 |    7.026 |     36.0 |
|   2300 |    6.678 |    7.244 |    7.034 |    7.035 |     37.7 |
|   2400 |    6.775 |    7.323 |    6.997 |    7.006 |     39.3 |
|   2500 |    6.488 |    7.065 |    6.990 |    6.994 |     41.0 |
|   2600 |    6.678 |    7.198 |    6.968 |    6.978 |     42.6 |
|   2700 |    6.687 |    7.204 |    6.957 |    6.966 |     44.2 |
|   2800 |    6.707 |    7.222 |    6.946 |    6.957 |     45.9 |
|   2900 |    6.777 |    7.284 |    6.934 |    6.939 |     47.5 |
|   3000 |    6.659 |    7.169 |    6.909 |    6.919 |     49.2 |
|   3100 |    6.424 |    6.964 |    6.892 |    6.901 |     50.8 |
|   3200 |    6.543 |    7.050 |    6.876 |    6.882 |     52.4 |
|   3300 |    6.471 |    6.999 |    6.875 |    6.887 |     54.1 |
|   3400 |    6.437 |    6.980 |    6.876 |    6.882 |     55.7 |
|   3500 |    6.615 |    7.131 |    6.874 |    6.878 |     57.3 |
|   3600 |    6.663 |    7.169 |    6.865 |    6.876 |     59.0 |
|   3700 |    6.526 |    7.031 |    6.860 |    6.865 |     60.6 |
|   3800 |    6.306 |    6.849 |    6.853 |    6.862 |     62.3 |
|   3900 |    6.526 |    7.038 |    6.858 |    6.861 |     63.9 |
|   4000 |    6.325 |    6.804 |    6.852 |    6.856 |     65.5 |
-----------------------------------------------------------------

Model          final bpt     vs H         tok/s
--------------------------------------------------
H              6.325               —      6.42M
TF             6.804      +7.6% worse      5.54M
H-State        6.852      +8.3% worse      3.14M
NPS-St         6.856      +8.4% worse      3.05M

Optimizations:
  Triton SSM scan: yes
  torch.compile:   yes
Все 4 запуска завершены.
Stopping app - local entrypoint completed.
https://modal.com/apps/unfortunately12545/main/ap-FYO2VX3CTP9sazTQDh9xSf
