✓ Initialized. View run at 
https://modal.com/apps/artemmorozovnot/main/ap-N7LLYZhhMBz8jmkdueWKVV
✓ Created objects.
├── 🔨 Created mount /home/suicore/harmonic/experimental/modal_regen.py
├── 🔨 Created mount /home/suicore/harmonic/experimental/train_generate.py
└── 🔨 Created function run_regen.
Loaded best ckpt: step=104000  val_bpt=6.661

TEXT GENERATION  (temperature=1.0, top_k=50, rep_penalty=1.3)

Prompt: "The history of"
----------------------------------------
The history of American culture is still in the world . The first time in the show is well , and received positive reviews from contemporary critics ... with The great work on average has been largely noted to a large number @-@ jokes that have been compared the other of two decades after an almost entirely identical episodes from earlier works , including J.Von @-@ Jodot and the largest . In particular areas was that popular culture among fans such as social history , which became more widely frequently seen on @-@ one generation of the English rock genre to the American market , a strong public art , although he is not in the first year @-@ lived within its nature area 's top @-@ selling single . Today and other parts country have much less than their original content including the largest number of history , many others are more widely viewed as positive about being an English actor but never did better than the age .The film received mostly critical acclaim from critics : " The Guardian thought ' best of it

Prompt: "Scientists have discovered"
----------------------------------------
Scientists have discovered the earliest stages of any specific period , although several years later have been interpreted as certain parts in part this may be related to find more than an individual explanation , often referred in a " similar concept foraging nature as and its subject . The process has led by which resulted substantial changes in such works , and includes many different versions .= = = Early life effects = = =In 1928 the first prototype was the fourth studio album based on this prototype using software technology at an electronic engineer to create prototype using a new aircraft that used it is needed only , making useful it as its own replacement , although a later suggested by new ones for being released instead . In addition to his predecessor No. 10 @,@ 000 , The Beatles chose " in Europe , with some songs which were composed both and the others 's previous performance but was not much better than one at an initial release on 15 May 2010 ; this concept brought no more information about it impossible without whether all was written by a few lines of the

Prompt: "In the early twentieth century"
----------------------------------------
In the early twentieth century , although this he began work in terms of this time . He soon took a full account of his own school and worked closely with the Church until his wife began . Early on 17 September , 1861 when it ran from 1866 to the New York area was influenced by North American Indian College . By late February 1549 , he made several additional schools , including one of two whom were made many successful members , or including at his house in the office and early as a whole , an officer 's office , a position held on that evening . Many family records in 1854 early 1859 was built to the site of 1855 ; Henry later became the chief of John Fodoris ( Charles Farrag ) and Edward made several prominent writers from his family , including John Hold . He 's work in early 1870 .On January 16 , he returned to the house for a " New York Evening house as " much about 12 miles ( 1871 – 447 @.@ 9 km ²

Prompt: "The economic impact of"
----------------------------------------
The economic impact of the period has continued to make the significant economic impact and economic growth , as they were a " low @-@ tech quality cultural , in particular activity . In addition a single " small emigrate , the " I think 's power you are well worth more than one for the " whole , " and even if we have been sold through it .= = Design and culture = =As of the European Union 's first place was established around a dozen people in Europe and North America , when The government of North Carolina , was particularly significant as England in Europe of the country during 1635 – 1539 or to build up that some time could be used in the area . It had been held a number of national symbols which had not made it suitable for such the economic growth . Its reputation has received its large proportion and public in India as well as urban areas , where the British statesman and national culture . However there were more prominent throughout Europe and , England in South Africa . The European Union was

Prompt: "According to recent research"
----------------------------------------
According to recent research work , and a second @-@ day in 2001 when she was an alternative of the script . By 2009 , her son 's death were used upon two @,@ 000 years previously had taken together with some of their jobs 's families from that . The show took three months of five days after weeks filming . The episode received generally positive reviews for three hours ; some critics , who praised the film as the best performance being done by fans on whether a lot of one can be considered to its current location because it was made up and then has played more " interesting than other " best @-@ themed show quality with the songs for that year . It remains a better for time supporting television . To this episode , her acting worked together the new studio as producer writer director David Diddell , an executive company which called it for the original script , director and of 2005 the film had more than one two million fans across cast a worldwide ; despite its release , being noted " so much in a

Stopping app - local entrypoint completed.
✓ App completed. View run at 
https://modal.com/apps/artemmorozovnot/main/ap-N7LLYZhhMBz8jmkdueWKVV
