Created objects.
Stateful exp2: H-Stateful vs Mamba-Stateful, 3 параллельных H100
batch=64 seq=1024 steps=1000
device: cuda
GPU: NVIDIA H100 80GB HBM3  torch: 2.5.1+cu124
Тестирование Triton SSM scan...
device: cuda
GPU: NVIDIA H100 80GB HBM3  torch: 2.5.1+cu124
Тестирование Triton SSM scan...
Triton SSM scan: OK — используем
torch.compile: выключен
Triton SSM scan: OK — используем
torch.compile: выключен
Загрузка enwiki8...
скачиваем http://mattmahoney.net/dc/enwik8.zip...
Загрузка enwiki8...
скачиваем http://mattmahoney.net/dc/enwik8.zip...
train 26.1M  val 2.9M  токенов
hidden=256  batch=64  seq=1024  steps=1000  total_tokens=65.5M
--- Harmonic (random batch) ---
train 26.1M  val 2.9M  токенов
hidden=256  batch=64  seq=1024  steps=1000  total_tokens=65.5M
--- Mamba (random batch) ---
H         step= 100  val_bpt=8.253  loss=6.1074  avg=5.56M  win=5.56M tok/s
Mamba     step= 100  val_bpt=8.889  loss=6.5016  avg=9.14M  win=9.14M tok/s
H         step= 200  val_bpt=7.633  loss=5.2453  avg=7.42M  win=11.16M tok/s
Mamba     step= 200  val_bpt=7.824  loss=5.3938  avg=11.25M  win=14.60M tok/s
H         step= 300  val_bpt=7.389  loss=5.1942  avg=8.27M  win=10.70M tok/s
Mamba     step= 300  val_bpt=7.488  loss=5.2838  avg=12.05M  win=14.04M tok/s
H         step= 400  val_bpt=7.218  loss=5.0345  avg=8.67M  win=10.14M tok/s
Mamba     step= 400  val_bpt=7.288  loss=5.1112  avg=12.51M  win=14.16M tok/s
H         step= 500  val_bpt=7.096  loss=4.9640  avg=8.94M  win=10.20M tok/s
Mamba     step= 500  val_bpt=7.152  loss=5.0300  avg=12.77M  win=13.94M tok/s
H         step= 600  val_bpt=7.093  loss=4.9971  avg=9.09M  win=9.94M tok/s
Mamba     step= 600  val_bpt=7.141  loss=5.0326  avg=12.80M  win=12.94M tok/s
H         step= 700  val_bpt=6.962  loss=4.7512  avg=9.35M  win=11.27M tok/s
Mamba     step= 700  val_bpt=7.023  loss=4.7761  avg=12.95M  win=13.89M tok/s
H         step= 800  val_bpt=6.935  loss=4.7237  avg=9.53M  win=11.02M tok/s
Mamba     step= 800  val_bpt=6.985  loss=4.7717  avg=13.06M  win=13.88M tok/s
H         step= 900  val_bpt=6.897  loss=4.6037  avg=9.62M  win=10.36M tok/s
H         готово  6.7s  avg=9.71M tok/s  final val_bpt=6.895
--- H-Stateful (warm-start from H, then sequential fine-tune) ---
Mamba     step= 900  val_bpt=6.949  loss=4.6662  avg=13.14M  win=13.88M tok/s
H-St      step= 100  val_bpt=6.817  loss=4.6545  avg=10.55M  win=10.55M tok/s
Mamba     готово  5.0s  avg=13.23M tok/s  final val_bpt=6.954
--- Mamba-Stateful (warm-start, sequential fine-tune) ---
H-St      step= 200  val_bpt=6.718  loss=4.6376  avg=10.55M  win=10.55M tok/s
M-St      step= 100  val_bpt=6.857  loss=4.6919  avg=13.86M tok/s
H-St      step= 300  val_bpt=6.650  loss=4.6000  avg=10.63M  win=10.80M tok/s
M-St      step= 200  val_bpt=6.757  loss=4.6920  avg=13.97M tok/s
H-St      step= 400  val_bpt=6.597  loss=4.6746  avg=10.62M  win=10.60M tok/s
M-St      step= 300  val_bpt=6.699  loss=4.6448  avg=14.01M tok/s
H-St      готово  3.1s  avg=10.56M tok/s  final val_bpt=6.582
--- Context curve ---
M-St      step= 400  val_bpt=6.660  loss=4.7037  avg=14.06M tok/s
warmup    H no-carry    H-Stateful     delta
--------  ------------  ------------  --------
0        6.9024        6.6128   +0.2896
5        6.8345        6.5461   +0.2884
10        6.8277        6.5426   +0.2851
20        6.8630        6.5824   +0.2805
50        6.8252        6.5583   +0.2669
100        6.8287        6.5665   +0.2622
H random eval:          6.8947 bpt  (baseline)
H sequential no-carry:  6.9024 bpt  (0 warmup)
H-Stateful with carry:  6.5824 bpt  (trained stateful)
H-Stateful @ 100 ctx:   6.5665 bpt  (100 warmup batches)
M-St      готово  2.3s  avg=14.11M tok/s  final val_bpt=6.646
--- Context curve ---
warmup  Mamba no-carry  Mamba-Stateful     delta
--------  --------------  --------------  --------
0          6.9652          6.6865   +0.2787
5          6.8953          6.6165   +0.2788
10          6.8875          6.6097   +0.2777
20          6.9193          6.6459   +0.2734
50          6.8853          6.6069   +0.2784
100          6.8882          6.6118   +0.2764
Mamba random eval:          6.9540 bpt  (baseline)
Mamba-Stateful with carry:  6.6459 bpt
Mamba-Stateful @ 100 ctx:   6.6118 bpt
Done.
