✓ Initialized. View run at 
https://modal.com/apps/artemmorozovnot/main/ap-gyVUpIyLsLDJRr1UUZ7Z5H
✓ Created objects.
├── 🔨 Created mount 
│   /home/suicore/harmonic/experimental/modal_transformer_baseline.py
├── 🔨 Created mount 
│   /home/suicore/harmonic/experimental/train_transformer_baseline.py
└── 🔨 Created function run_baseline.
device: cuda
GPU: NVIDIA H100 80GB HBM3  VRAM: 85.0GB  torch: 2.12.0+cu130
Loading wikitext-103...
Warning: You are sending unauthenticated requests to the HF Hub. Please set a HF_TOKEN to enable higher rate limits and faster downloads.

[1AGenerating test split:   0%|          | 0/4358 [00:00<?, ? examples/s]
[1AGenerating test split: 100%|██████████| 4358/4358 [00:00<00:00, 447417.07 examples/s]

[1AGenerating train split:   0%|          | 0/1801350 [00:00<?, ? examples/s]
[1AGenerating train split:   7%|▋         | 129000/1801350 [00:00<00:01, 1273607.07 examples/s]
[1AGenerating train split:  15%|█▌        | 278000/1801350 [00:00<00:01, 1389518.60 examples/s]
[1AGenerating train split:  24%|██▍       | 429000/1801350 [00:00<00:00, 1439837.98 examples/s]
[1AGenerating train split:  32%|███▏      | 582000/1801350 [00:00<00:00, 1471757.10 examples/s]
[1AGenerating train split:  42%|████▏     | 756000/1801350 [00:00<00:00, 1565018.16 examples/s]
[1AGenerating train split:  55%|█████▍    | 990675/1801350 [00:00<00:00, 1541492.06 examples/s]
[1AGenerating train split:  64%|██████▎   | 1145675/1801350 [00:00<00:00, 1540285.96 examples/s]
[1AGenerating train split:  72%|███████▏  | 1302675/1801350 [00:00<00:00, 1547464.70 examples/s]
[1AGenerating train split:  82%|████████▏ | 1476675/1801350 [00:00<00:00, 1556060.66 examples/s]
[1AGenerating train split:  91%|█████████ | 1642675/1801350 [00:01<00:00, 1583766.69 examples/s]
[1AGenerating train split: 100%|██████████| 1801350/1801350 [00:01<00:00, 1539151.09 examples/s]

[1AGenerating validation split:   0%|          | 0/3760 [00:00<?, ? examples/s]
[1AGenerating validation split: 100%|██████████| 3760/3760 [00:00<00:00, 927954.28 examples/s]
  train: 115,716,078 tokens  val: 242,643 tokens
  GPTBaseline: 35,700,224 unique parameters  (d=512, n_heads=8, n_layers=3, ffn=2048)
  H3L-512 baseline: 34,656,768 unique parameters  (Transformer gets ++1,043,456 = +3.0%)

Training: 30,000 steps  seq=1024  batch=16
bf16 autocast: ON  |  TF32 matmul: ON
-----------------------------------------------------------------
/usr/local/lib/python3.11/site-packages/torch/_inductor/select_algorithm.py:4628: UserWarning: TypedStorage is deprecated. It will be removed in the future and UntypedStorage will be the only storage class. This should only matter to you if you are using storages directly.  To access UntypedStorage directly, use tensor.untyped_storage() instead of tensor.storage()
  current_out_size = out_base.storage().size()
E0524 10:55:47.718000 4 site-packages/torch/_inductor/select_algorithm.py:4888] [0/0] Runtime error during autotuning: 
E0524 10:55:47.718000 4 site-packages/torch/_inductor/select_algorithm.py:4888] [0/0] No valid triton configs. OutOfMemoryError: out of resource: triton_mm Required: 262144 Hardware limit:232448 Reducing block sizes or `num_stages` may help.. 
E0524 10:55:47.718000 4 site-packages/torch/_inductor/select_algorithm.py:4888] [0/0] Ignoring this choice.
Autotune Choices Stats:
{"num_choices": 21, "num_triton_choices": 20, "best_kernel": "mm", "best_time": 0.059328000992536545, "best_triton_pos": 1, "best_triton_time": 0.07161600142717361, "best_triton_kernel": "triton_mm_57", "best_triton_kernel_desc": "ACC_TYPE='tl.float32', ALLOW_TF32=True, BLOCK_K=64, BLOCK_M=128, BLOCK_N=128, EVEN_K=True, GROUP_M=8, OUT_DTYPE='tl.bfloat16', USE_FAST_ACCUM=False, num_stages=3, num_warps=4"}
AUTOTUNE mm(16384x512, 512x2048)
strides: [512, 1], [1, 512]
dtypes: torch.bfloat16, torch.bfloat16
  mm 0.0593 ms 100.0% 
  triton_mm_57 0.0716 ms 82.8% ACC_TYPE='tl.float32', ALLOW_TF32=True, BLOCK_K=64, BLOCK_M=128, BLOCK_N=128, EVEN_K=True, GROUP_M=8, OUT_DTYPE='tl.bfloat16', USE_FAST_ACCUM=False, num_stages=3, num_warps=4
  triton_mm_56 0.0800 ms 74.2% ACC_TYPE='tl.float32', ALLOW_TF32=True, BLOCK_K=32, BLOCK_M=128, BLOCK_N=128, EVEN_K=True, GROUP_M=8, OUT_DTYPE='tl.bfloat16', USE_FAST_ACCUM=False, num_stages=3, num_warps=4
  triton_mm_58 0.0813 ms 73.0% ACC_TYPE='tl.float32', ALLOW_TF32=True, BLOCK_K=64, BLOCK_M=128, BLOCK_N=128, EVEN_K=True, GROUP_M=8, OUT_DTYPE='tl.bfloat16', USE_FAST_ACCUM=False, num_stages=5, num_warps=8
  triton_mm_51 0.0907 ms 65.4% ACC_TYPE='tl.float32', ALLOW_TF32=True, BLOCK_K=64, BLOCK_M=64, BLOCK_N=128, EVEN_K=True, GROUP_M=8, OUT_DTYPE='tl.bfloat16', USE_FAST_ACCUM=False, num_stages=3, num_warps=4
  triton_mm_55 0.0983 ms 60.3% ACC_TYPE='tl.float32', ALLOW_TF32=True, BLOCK_K=32, BLOCK_M=128, BLOCK_N=128, EVEN_K=True, GROUP_M=8, OUT_DTYPE='tl.bfloat16', USE_FAST_ACCUM=False, num_stages=2, num_warps=8
  triton_mm_52 0.1044 ms 56.8% ACC_TYPE='tl.float32', ALLOW_TF32=True, BLOCK_K=128, BLOCK_M=64, BLOCK_N=128, EVEN_K=True, GROUP_M=8, OUT_DTYPE='tl.bfloat16', USE_FAST_ACCUM=False, num_stages=4, num_warps=4
  triton_mm_54 0.1057 ms 56.1% ACC_TYPE='tl.float32', ALLOW_TF32=True, BLOCK_K=32, BLOCK_M=128, BLOCK_N=64, EVEN_K=True, GROUP_M=8, OUT_DTYPE='tl.bfloat16', USE_FAST_ACCUM=False, num_stages=4, num_warps=8
  triton_mm_49 0.1058 ms 56.1% ACC_TYPE='tl.float32', ALLOW_TF32=True, BLOCK_K=32, BLOCK_M=64, BLOCK_N=128, EVEN_K=True, GROUP_M=8, OUT_DTYPE='tl.bfloat16', USE_FAST_ACCUM=False, num_stages=3, num_warps=4
  triton_mm_50 0.1062 ms 55.9% ACC_TYPE='tl.float32', ALLOW_TF32=True, BLOCK_K=32, BLOCK_M=64, BLOCK_N=128, EVEN_K=True, GROUP_M=8, OUT_DTYPE='tl.bfloat16', USE_FAST_ACCUM=False, num_stages=4, num_warps=8
SingleProcess AUTOTUNE benchmarking takes 6.2767 seconds and 0.0014 seconds precompiling for 21 choices
E0524 10:55:58.678000 4 site-packages/torch/_inductor/select_algorithm.py:4888] [0/0] Runtime error during autotuning: 
E0524 10:55:58.678000 4 site-packages/torch/_inductor/select_algorithm.py:4888] [0/0] No valid triton configs. OutOfMemoryError: out of resource: triton_mm Required: 262144 Hardware limit:232448 Reducing block sizes or `num_stages` may help.. 
E0524 10:55:58.678000 4 site-packages/torch/_inductor/select_algorithm.py:4888] [0/0] Ignoring this choice.
Autotune Choices Stats:
{"num_choices": 21, "num_triton_choices": 20, "best_kernel": "mm", "best_time": 0.04652800038456917, "best_triton_pos": 1, "best_triton_time": 0.05728000029921532, "best_triton_kernel": "triton_mm_17", "best_triton_kernel_desc": "ACC_TYPE='tl.float32', ALLOW_TF32=True, BLOCK_K=64, BLOCK_M=128, BLOCK_N=128, EVEN_K=True, GROUP_M=8, OUT_DTYPE='tl.bfloat16', USE_FAST_ACCUM=False, num_stages=3, num_warps=4"}
AUTOTUNE mm(16384x512, 512x1536)
strides: [512, 1], [1, 512]
dtypes: torch.bfloat16, torch.bfloat16
  mm 0.0465 ms 100.0% 
  triton_mm_17 0.0573 ms 81.2% ACC_TYPE='tl.float32', ALLOW_TF32=True, BLOCK_K=64, BLOCK_M=128, BLOCK_N=128, EVEN_K=True, GROUP_M=8, OUT_DTYPE='tl.bfloat16', USE_FAST_ACCUM=False, num_stages=3, num_warps=4
  triton_mm_16 0.0617 ms 75.5% ACC_TYPE='tl.float32', ALLOW_TF32=True, BLOCK_K=32, BLOCK_M=128, BLOCK_N=128, EVEN_K=True, GROUP_M=8, OUT_DTYPE='tl.bfloat16', USE_FAST_ACCUM=False, num_stages=3, num_warps=4
  triton_mm_18 0.0661 ms 70.3% ACC_TYPE='tl.float32', ALLOW_TF32=True, BLOCK_K=64, BLOCK_M=128, BLOCK_N=128, EVEN_K=True, GROUP_M=8, OUT_DTYPE='tl.bfloat16', USE_FAST_ACCUM=False, num_stages=5, num_warps=8
  triton_mm_11 0.0681 ms 68.3% ACC_TYPE='tl.float32', ALLOW_TF32=True, BLOCK_K=64, BLOCK_M=64, BLOCK_N=128, EVEN_K=True, GROUP_M=8, OUT_DTYPE='tl.bfloat16', USE_FAST_ACCUM=False, num_stages=3, num_warps=4
  triton_mm_9 0.0801 ms 58.1% ACC_TYPE='tl.float32', ALLOW_TF32=True, BLOCK_K=32, BLOCK_M=64, BLOCK_N=128, EVEN_K=True, GROUP_M=8, OUT_DTYPE='tl.bfloat16', USE_FAST_ACCUM=False, num_stages=3, num_warps=4
  triton_mm_13 0.0815 ms 57.1% ACC_TYPE='tl.float32', ALLOW_TF32=True, BLOCK_K=32, BLOCK_M=128, BLOCK_N=64, EVEN_K=True, GROUP_M=8, OUT_DTYPE='tl.bfloat16', USE_FAST_ACCUM=False, num_stages=3, num_warps=4
  triton_mm_10 0.0816 ms 57.0% ACC_TYPE='tl.float32', ALLOW_TF32=True, BLOCK_K=32, BLOCK_M=64, BLOCK_N=128, EVEN_K=True, GROUP_M=8, OUT_DTYPE='tl.bfloat16', USE_FAST_ACCUM=False, num_stages=4, num_warps=8
  triton_mm_14 0.0816 ms 57.0% ACC_TYPE='tl.float32', ALLOW_TF32=True, BLOCK_K=32, BLOCK_M=128, BLOCK_N=64, EVEN_K=True, GROUP_M=8, OUT_DTYPE='tl.bfloat16', USE_FAST_ACCUM=False, num_stages=4, num_warps=8
  triton_mm_12 0.0874 ms 53.2% ACC_TYPE='tl.float32', ALLOW_TF32=True, BLOCK_K=128, BLOCK_M=64, BLOCK_N=128, EVEN_K=True, GROUP_M=8, OUT_DTYPE='tl.bfloat16', USE_FAST_ACCUM=False, num_stages=4, num_warps=4
SingleProcess AUTOTUNE benchmarking takes 6.2523 seconds and 0.0002 seconds precompiling for 21 choices
E0524 10:56:05.134000 4 site-packages/torch/_inductor/select_algorithm.py:4888] [0/0] Runtime error during autotuning: 
E0524 10:56:05.134000 4 site-packages/torch/_inductor/select_algorithm.py:4888] [0/0] No valid triton configs. OutOfMemoryError: out of resource: triton_mm Required: 262144 Hardware limit:232448 Reducing block sizes or `num_stages` may help.. 
E0524 10:56:05.134000 4 site-packages/torch/_inductor/select_algorithm.py:4888] [0/0] Ignoring this choice.
Autotune Choices Stats:
{"num_choices": 21, "num_triton_choices": 20, "best_kernel": "mm", "best_time": 0.020927999168634415, "best_triton_pos": 1, "best_triton_time": 0.02454400062561035, "best_triton_kernel": "triton_mm_37", "best_triton_kernel_desc": "ACC_TYPE='tl.float32', ALLOW_TF32=True, BLOCK_K=64, BLOCK_M=128, BLOCK_N=128, EVEN_K=True, GROUP_M=8, OUT_DTYPE='tl.bfloat16', USE_FAST_ACCUM=False, num_stages=3, num_warps=4"}
AUTOTUNE mm(16384x512, 512x512)
strides: [512, 1], [1, 512]
dtypes: torch.bfloat16, torch.bfloat16
  mm 0.0209 ms 100.0% 
  triton_mm_37 0.0245 ms 85.3% ACC_TYPE='tl.float32', ALLOW_TF32=True, BLOCK_K=64, BLOCK_M=128, BLOCK_N=128, EVEN_K=True, GROUP_M=8, OUT_DTYPE='tl.bfloat16', USE_FAST_ACCUM=False, num_stages=3, num_warps=4
  triton_mm_31 0.0279 ms 75.0% ACC_TYPE='tl.float32', ALLOW_TF32=True, BLOCK_K=64, BLOCK_M=64, BLOCK_N=128, EVEN_K=True, GROUP_M=8, OUT_DTYPE='tl.bfloat16', USE_FAST_ACCUM=False, num_stages=3, num_warps=4
  triton_mm_38 0.0284 ms 73.7% ACC_TYPE='tl.float32', ALLOW_TF32=True, BLOCK_K=64, BLOCK_M=128, BLOCK_N=128, EVEN_K=True, GROUP_M=8, OUT_DTYPE='tl.bfloat16', USE_FAST_ACCUM=False, num_stages=5, num_warps=8
  triton_mm_36 0.0303 ms 69.1% ACC_TYPE='tl.float32', ALLOW_TF32=True, BLOCK_K=32, BLOCK_M=128, BLOCK_N=128, EVEN_K=True, GROUP_M=8, OUT_DTYPE='tl.bfloat16', USE_FAST_ACCUM=False, num_stages=3, num_warps=4
  triton_mm_30 0.0330 ms 63.4% ACC_TYPE='tl.float32', ALLOW_TF32=True, BLOCK_K=32, BLOCK_M=64, BLOCK_N=128, EVEN_K=True, GROUP_M=8, OUT_DTYPE='tl.bfloat16', USE_FAST_ACCUM=False, num_stages=4, num_warps=8
  triton_mm_29 0.0334 ms 62.6% ACC_TYPE='tl.float32', ALLOW_TF32=True, BLOCK_K=32, BLOCK_M=64, BLOCK_N=128, EVEN_K=True, GROUP_M=8, OUT_DTYPE='tl.bfloat16', USE_FAST_ACCUM=False, num_stages=3, num_warps=4
  triton_mm_27 0.0335 ms 62.5% ACC_TYPE='tl.float32', ALLOW_TF32=True, BLOCK_K=64, BLOCK_M=64, BLOCK_N=64, EVEN_K=True, GROUP_M=8, OUT_DTYPE='tl.bfloat16', USE_FAST_ACCUM=False, num_stages=3, num_warps=8
  triton_mm_34 0.0338 ms 62.0% ACC_TYPE='tl.float32', ALLOW_TF32=True, BLOCK_K=32, BLOCK_M=128, BLOCK_N=64, EVEN_K=True, GROUP_M=8, OUT_DTYPE='tl.bfloat16', USE_FAST_ACCUM=False, num_stages=4, num_warps=8
  triton_mm_32 0.0343 ms 61.0% ACC_TYPE='tl.float32', ALLOW_TF32=True, BLOCK_K=128, BLOCK_M=64, BLOCK_N=128, EVEN_K=True, GROUP_M=8, OUT_DTYPE='tl.bfloat16', USE_FAST_ACCUM=False, num_stages=4, num_warps=4
SingleProcess AUTOTUNE benchmarking takes 6.4532 seconds and 0.0002 seconds precompiling for 21 choices
E0524 10:56:25.217000 4 site-packages/torch/_inductor/select_algorithm.py:4888] [0/0] Runtime error during autotuning: 
E0524 10:56:25.217000 4 site-packages/torch/_inductor/select_algorithm.py:4888] [0/0] No valid triton configs. OutOfMemoryError: out of resource: triton_mm Required: 262144 Hardware limit:232448 Reducing block sizes or `num_stages` may help.. 
E0524 10:56:25.217000 4 site-packages/torch/_inductor/select_algorithm.py:4888] [0/0] Ignoring this choice.
Autotune Choices Stats:
{"num_choices": 21, "num_triton_choices": 20, "best_kernel": "mm", "best_time": 0.051392000168561935, "best_triton_pos": 1, "best_triton_time": 0.06310400366783142, "best_triton_kernel": "triton_mm_77", "best_triton_kernel_desc": "ACC_TYPE='tl.float32', ALLOW_TF32=True, BLOCK_K=64, BLOCK_M=128, BLOCK_N=128, EVEN_K=True, GROUP_M=8, OUT_DTYPE='tl.bfloat16', USE_FAST_ACCUM=False, num_stages=3, num_warps=4"}
AUTOTUNE mm(16384x2048, 2048x512)
strides: [2048, 1], [1, 2048]
dtypes: torch.bfloat16, torch.bfloat16
  mm 0.0514 ms 100.0% 
  triton_mm_77 0.0631 ms 81.4% ACC_TYPE='tl.float32', ALLOW_TF32=True, BLOCK_K=64, BLOCK_M=128, BLOCK_N=128, EVEN_K=True, GROUP_M=8, OUT_DTYPE='tl.bfloat16', USE_FAST_ACCUM=False, num_stages=3, num_warps=4
  triton_mm_78 0.0691 ms 74.4% ACC_TYPE='tl.float32', ALLOW_TF32=True, BLOCK_K=64, BLOCK_M=128, BLOCK_N=128, EVEN_K=True, GROUP_M=8, OUT_DTYPE='tl.bfloat16', USE_FAST_ACCUM=False, num_stages=5, num_warps=8
  triton_mm_71 0.0765 ms 67.2% ACC_TYPE='tl.float32', ALLOW_TF32=True, BLOCK_K=64, BLOCK_M=64, BLOCK_N=128, EVEN_K=True, GROUP_M=8, OUT_DTYPE='tl.bfloat16', USE_FAST_ACCUM=False, num_stages=3, num_warps=4
  triton_mm_72 0.0836 ms 61.5% ACC_TYPE='tl.float32', ALLOW_TF32=True, BLOCK_K=128, BLOCK_M=64, BLOCK_N=128, EVEN_K=True, GROUP_M=8, OUT_DTYPE='tl.bfloat16', USE_FAST_ACCUM=False, num_stages=4, num_warps=4
  triton_mm_76 0.0882 ms 58.3% ACC_TYPE='tl.float32', ALLOW_TF32=True, BLOCK_K=32, BLOCK_M=128, BLOCK_N=128, EVEN_K=True, GROUP_M=8, OUT_DTYPE='tl.bfloat16', USE_FAST_ACCUM=False, num_stages=3, num_warps=4
  triton_mm_67 0.1038 ms 49.5% ACC_TYPE='tl.float32', ALLOW_TF32=True, BLOCK_K=64, BLOCK_M=64, BLOCK_N=64, EVEN_K=True, GROUP_M=8, OUT_DTYPE='tl.bfloat16', USE_FAST_ACCUM=False, num_stages=3, num_warps=8
  triton_mm_70 0.1084 ms 47.4% ACC_TYPE='tl.float32', ALLOW_TF32=True, BLOCK_K=32, BLOCK_M=64, BLOCK_N=128, EVEN_K=True, GROUP_M=8, OUT_DTYPE='tl.bfloat16', USE_FAST_ACCUM=False, num_stages=4, num_warps=8
  triton_mm_69 0.1095 ms 46.9% ACC_TYPE='tl.float32', ALLOW_TF32=True, BLOCK_K=32, BLOCK_M=64, BLOCK_N=128, EVEN_K=True, GROUP_M=8, OUT_DTYPE='tl.bfloat16', USE_FAST_ACCUM=False, num_stages=3, num_warps=4
  triton_mm_68 0.1115 ms 46.1% ACC_TYPE='tl.float32', ALLOW_TF32=True, BLOCK_K=128, BLOCK_M=64, BLOCK_N=64, EVEN_K=True, GROUP_M=8, OUT_DTYPE='tl.bfloat16', USE_FAST_ACCUM=False, num_stages=5, num_warps=4
SingleProcess AUTOTUNE benchmarking takes 20.0785 seconds and 0.0002 seconds precompiling for 21 choices
E0524 10:56:32.150000 4 site-packages/torch/_inductor/select_algorithm.py:4888] [0/0] Runtime error during autotuning: 
E0524 10:56:32.150000 4 site-packages/torch/_inductor/select_algorithm.py:4888] [0/0] No valid triton configs. OutOfMemoryError: out of resource: triton_mm Required: 262144 Hardware limit:232448 Reducing block sizes or `num_stages` may help.. 
E0524 10:56:32.150000 4 site-packages/torch/_inductor/select_algorithm.py:4888] [0/0] Ignoring this choice.
Autotune Choices Stats:
{"num_choices": 21, "num_triton_choices": 20, "best_kernel": "mm", "best_time": 1.5407359600067139, "best_triton_pos": 1, "best_triton_time": 1.7170560359954834, "best_triton_kernel": "triton_mm_256", "best_triton_kernel_desc": "ACC_TYPE='tl.float32', ALLOW_TF32=True, BLOCK_K=32, BLOCK_M=128, BLOCK_N=128, EVEN_K=True, GROUP_M=8, OUT_DTYPE='tl.bfloat16', USE_FAST_ACCUM=False, num_stages=3, num_warps=4"}
AUTOTUNE mm(16384x512, 512x50264)
strides: [512, 1], [50304, 1]
dtypes: torch.bfloat16, torch.bfloat16
  mm 1.5407 ms 100.0% 
  triton_mm_256 1.7171 ms 89.7% ACC_TYPE='tl.float32', ALLOW_TF32=True, BLOCK_K=32, BLOCK_M=128, BLOCK_N=128, EVEN_K=True, GROUP_M=8, OUT_DTYPE='tl.bfloat16', USE_FAST_ACCUM=False, num_stages=3, num_warps=4
  triton_mm_257 1.7219 ms 89.5% ACC_TYPE='tl.float32', ALLOW_TF32=True, BLOCK_K=64, BLOCK_M=128, BLOCK_N=128, EVEN_K=True, GROUP_M=8, OUT_DTYPE='tl.bfloat16', USE_FAST_ACCUM=False, num_stages=3, num_warps=4
  triton_mm_258 2.0948 ms 73.6% ACC_TYPE='tl.float32', ALLOW_TF32=True, BLOCK_K=64, BLOCK_M=128, BLOCK_N=128, EVEN_K=True, GROUP_M=8, OUT_DTYPE='tl.bfloat16', USE_FAST_ACCUM=False, num_stages=5, num_warps=8
  triton_mm_251 2.1188 ms 72.7% ACC_TYPE='tl.float32', ALLOW_TF32=True, BLOCK_K=64, BLOCK_M=64, BLOCK_N=128, EVEN_K=True, GROUP_M=8, OUT_DTYPE='tl.bfloat16', USE_FAST_ACCUM=False, num_stages=3, num_warps=4
  triton_mm_249 2.3001 ms 67.0% ACC_TYPE='tl.float32', ALLOW_TF32=True, BLOCK_K=32, BLOCK_M=64, BLOCK_N=128, EVEN_K=True, GROUP_M=8, OUT_DTYPE='tl.bfloat16', USE_FAST_ACCUM=False, num_stages=3, num_warps=4
  triton_mm_250 2.3084 ms 66.7% ACC_TYPE='tl.float32', ALLOW_TF32=True, BLOCK_K=32, BLOCK_M=64, BLOCK_N=128, EVEN_K=True, GROUP_M=8, OUT_DTYPE='tl.bfloat16', USE_FAST_ACCUM=False, num_stages=4, num_warps=8
  triton_mm_254 2.3440 ms 65.7% ACC_TYPE='tl.float32', ALLOW_TF32=True, BLOCK_K=32, BLOCK_M=128, BLOCK_N=64, EVEN_K=True, GROUP_M=8, OUT_DTYPE='tl.bfloat16', USE_FAST_ACCUM=False, num_stages=4, num_warps=8
  triton_mm_253 2.3480 ms 65.6% ACC_TYPE='tl.float32', ALLOW_TF32=True, BLOCK_K=32, BLOCK_M=128, BLOCK_N=64, EVEN_K=True, GROUP_M=8, OUT_DTYPE='tl.bfloat16', USE_FAST_ACCUM=False, num_stages=3, num_warps=4
  triton_mm_255 2.8011 ms 55.0% ACC_TYPE='tl.float32', ALLOW_TF32=True, BLOCK_K=32, BLOCK_M=128, BLOCK_N=128, EVEN_K=True, GROUP_M=8, OUT_DTYPE='tl.bfloat16', USE_FAST_ACCUM=False, num_stages=2, num_warps=8
SingleProcess AUTOTUNE benchmarking takes 6.9148 seconds and 0.0001 seconds precompiling for 21 choices
E0524 10:56:57.295000 4 site-packages/torch/_inductor/select_algorithm.py:4888] [0/0] Runtime error during autotuning: 
E0524 10:56:57.295000 4 site-packages/torch/_inductor/select_algorithm.py:4888] [0/0] No valid triton configs. OutOfMemoryError: out of resource: triton_mm Required: 262144 Hardware limit:232448 Reducing block sizes or `num_stages` may help.. 
E0524 10:56:57.295000 4 site-packages/torch/_inductor/select_algorithm.py:4888] [0/0] Ignoring this choice.
Autotune Choices Stats:
{"num_choices": 21, "num_triton_choices": 20, "best_kernel": "mm", "best_time": 0.05923200026154518, "best_triton_pos": 1, "best_triton_time": 0.07180800288915634, "best_triton_kernel": "triton_mm_337", "best_triton_kernel_desc": "ACC_TYPE='tl.float32', ALLOW_TF32=True, BLOCK_K=64, BLOCK_M=128, BLOCK_N=128, EVEN_K=True, GROUP_M=8, OUT_DTYPE='tl.bfloat16', USE_FAST_ACCUM=False, num_stages=3, num_warps=4"}
AUTOTUNE mm(16384x512, 512x2048)
strides: [512, 1], [2048, 1]
dtypes: torch.bfloat16, torch.bfloat16
  mm 0.0592 ms 100.0% 
  triton_mm_337 0.0718 ms 82.5% ACC_TYPE='tl.float32', ALLOW_TF32=True, BLOCK_K=64, BLOCK_M=128, BLOCK_N=128, EVEN_K=True, GROUP_M=8, OUT_DTYPE='tl.bfloat16', USE_FAST_ACCUM=False, num_stages=3, num_warps=4
  triton_mm_336 0.0751 ms 78.8% ACC_TYPE='tl.float32', ALLOW_TF32=True, BLOCK_K=32, BLOCK_M=128, BLOCK_N=128, EVEN_K=True, GROUP_M=8, OUT_DTYPE='tl.bfloat16', USE_FAST_ACCUM=False, num_stages=3, num_warps=4
  triton_mm_338 0.0813 ms 72.9% ACC_TYPE='tl.float32', ALLOW_TF32=True, BLOCK_K=64, BLOCK_M=128, BLOCK_N=128, EVEN_K=True, GROUP_M=8, OUT_DTYPE='tl.bfloat16', USE_FAST_ACCUM=False, num_stages=5, num_warps=8
  triton_mm_331 0.0898 ms 66.0% ACC_TYPE='tl.float32', ALLOW_TF32=True, BLOCK_K=64, BLOCK_M=64, BLOCK_N=128, EVEN_K=True, GROUP_M=8, OUT_DTYPE='tl.bfloat16', USE_FAST_ACCUM=False, num_stages=3, num_warps=4
  triton_mm_329 0.0918 ms 64.5% ACC_TYPE='tl.float32', ALLOW_TF32=True, BLOCK_K=32, BLOCK_M=64, BLOCK_N=128, EVEN_K=True, GROUP_M=8, OUT_DTYPE='tl.bfloat16', USE_FAST_ACCUM=False, num_stages=3, num_warps=4
  triton_mm_330 0.0954 ms 62.1% ACC_TYPE='tl.float32', ALLOW_TF32=True, BLOCK_K=32, BLOCK_M=64, BLOCK_N=128, EVEN_K=True, GROUP_M=8, OUT_DTYPE='tl.bfloat16', USE_FAST_ACCUM=False, num_stages=4, num_warps=8
  triton_mm_335 0.0962 ms 61.6% ACC_TYPE='tl.float32', ALLOW_TF32=True, BLOCK_K=32, BLOCK_M=128, BLOCK_N=128, EVEN_K=True, GROUP_M=8, OUT_DTYPE='tl.bfloat16', USE_FAST_ACCUM=False, num_stages=2, num_warps=8
  triton_mm_334 0.1002 ms 59.1% ACC_TYPE='tl.float32', ALLOW_TF32=True, BLOCK_K=32, BLOCK_M=128, BLOCK_N=64, EVEN_K=True, GROUP_M=8, OUT_DTYPE='tl.bfloat16', USE_FAST_ACCUM=False, num_stages=4, num_warps=8
  triton_mm_333 0.1007 ms 58.8% ACC_TYPE='tl.float32', ALLOW_TF32=True, BLOCK_K=32, BLOCK_M=128, BLOCK_N=64, EVEN_K=True, GROUP_M=8, OUT_DTYPE='tl.bfloat16', USE_FAST_ACCUM=False, num_stages=3, num_warps=4
SingleProcess AUTOTUNE benchmarking takes 7.4299 seconds and 0.0002 seconds precompiling for 21 choices
Autotune Choices Stats:
{"num_choices": 21, "num_triton_choices": 20, "best_kernel": "triton_mm_271", "best_kernel_desc": "ACC_TYPE='tl.float32', ALLOW_TF32=True, BLOCK_K=64, BLOCK_M=64, BLOCK_N=128, EVEN_K=True, GROUP_M=8, OUT_DTYPE='tl.bfloat16', USE_FAST_ACCUM=False, num_stages=3, num_warps=4", "best_time": 3.315392017364502, "best_triton_pos": 0}
AUTOTUNE mm(50257x16384, 16384x512)
strides: [1, 50257], [512, 1]
dtypes: torch.bfloat16, torch.bfloat16
  triton_mm_271 3.3154 ms 100.0% ACC_TYPE='tl.float32', ALLOW_TF32=True, BLOCK_K=64, BLOCK_M=64, BLOCK_N=128, EVEN_K=True, GROUP_M=8, OUT_DTYPE='tl.bfloat16', USE_FAST_ACCUM=False, num_stages=3, num_warps=4
  triton_mm_269 3.6664 ms 90.4% ACC_TYPE='tl.float32', ALLOW_TF32=True, BLOCK_K=32, BLOCK_M=64, BLOCK_N=128, EVEN_K=True, GROUP_M=8, OUT_DTYPE='tl.bfloat16', USE_FAST_ACCUM=False, num_stages=3, num_warps=4
  triton_mm_277 3.8140 ms 86.9% ACC_TYPE='tl.float32', ALLOW_TF32=True, BLOCK_K=64, BLOCK_M=128, BLOCK_N=128, EVEN_K=True, GROUP_M=8, OUT_DTYPE='tl.bfloat16', USE_FAST_ACCUM=False, num_stages=3, num_warps=4
  triton_mm_276 3.8759 ms 85.5% ACC_TYPE='tl.float32', ALLOW_TF32=True, BLOCK_K=32, BLOCK_M=128, BLOCK_N=128, EVEN_K=True, GROUP_M=8, OUT_DTYPE='tl.bfloat16', USE_FAST_ACCUM=False, num_stages=3, num_warps=4
  triton_mm_275 3.9898 ms 83.1% ACC_TYPE='tl.float32', ALLOW_TF32=True, BLOCK_K=32, BLOCK_M=128, BLOCK_N=128, EVEN_K=True, GROUP_M=8, OUT_DTYPE='tl.bfloat16', USE_FAST_ACCUM=False, num_stages=2, num_warps=8
  triton_mm_279 4.0534 ms 81.8% ACC_TYPE='tl.float32', ALLOW_TF32=True, BLOCK_K=128, BLOCK_M=128, BLOCK_N=128, EVEN_K=True, GROUP_M=8, OUT_DTYPE='tl.bfloat16', USE_FAST_ACCUM=False, num_stages=4, num_warps=8
  triton_mm_270 4.8196 ms 68.8% ACC_TYPE='tl.float32', ALLOW_TF32=True, BLOCK_K=32, BLOCK_M=64, BLOCK_N=128, EVEN_K=True, GROUP_M=8, OUT_DTYPE='tl.bfloat16', USE_FAST_ACCUM=False, num_stages=4, num_warps=8
  triton_mm_278 5.1402 ms 64.5% ACC_TYPE='tl.float32', ALLOW_TF32=True, BLOCK_K=64, BLOCK_M=128, BLOCK_N=128, EVEN_K=True, GROUP_M=8, OUT_DTYPE='tl.bfloat16', USE_FAST_ACCUM=False, num_stages=5, num_warps=8
  triton_mm_268 5.2654 ms 63.0% ACC_TYPE='tl.float32', ALLOW_TF32=True, BLOCK_K=128, BLOCK_M=64, BLOCK_N=64, EVEN_K=True, GROUP_M=8, OUT_DTYPE='tl.bfloat16', USE_FAST_ACCUM=False, num_stages=5, num_warps=4
  triton_mm_273 5.3984 ms 61.4% ACC_TYPE='tl.float32', ALLOW_TF32=True, BLOCK_K=32, BLOCK_M=128, BLOCK_N=64, EVEN_K=True, GROUP_M=8, OUT_DTYPE='tl.bfloat16', USE_FAST_ACCUM=False, num_stages=3, num_warps=4
SingleProcess AUTOTUNE benchmarking takes 6.3991 seconds and 0.0001 seconds precompiling for 21 choices
E0524 10:57:10.463000 4 site-packages/torch/_inductor/select_algorithm.py:4888] [0/0] Runtime error during autotuning: 
E0524 10:57:10.463000 4 site-packages/torch/_inductor/select_algorithm.py:4888] [0/0] No valid triton configs. OutOfMemoryError: out of resource: triton_mm Required: 262144 Hardware limit:232448 Reducing block sizes or `num_stages` may help.. 
E0524 10:57:10.463000 4 site-packages/torch/_inductor/select_algorithm.py:4888] [0/0] Ignoring this choice.
Autotune Choices Stats:
{"num_choices": 21, "num_triton_choices": 20, "best_kernel": "mm", "best_time": 0.06185600161552429, "best_triton_pos": 1, "best_triton_time": 0.06304000318050385, "best_triton_kernel": "triton_mm_312", "best_triton_kernel_desc": "ACC_TYPE='tl.float32', ALLOW_TF32=True, BLOCK_K=128, BLOCK_M=64, BLOCK_N=128, EVEN_K=True, GROUP_M=8, OUT_DTYPE='tl.bfloat16', USE_FAST_ACCUM=False, num_stages=4, num_warps=4"}
AUTOTUNE mm(512x16384, 16384x2048)
strides: [1, 512], [2048, 1]
dtypes: torch.bfloat16, torch.bfloat16
  mm 0.0619 ms 100.0% 
  triton_mm_312 0.0630 ms 98.1% ACC_TYPE='tl.float32', ALLOW_TF32=True, BLOCK_K=128, BLOCK_M=64, BLOCK_N=128, EVEN_K=True, GROUP_M=8, OUT_DTYPE='tl.bfloat16', USE_FAST_ACCUM=False, num_stages=4, num_warps=4
  triton_mm_318 0.0827 ms 74.8% ACC_TYPE='tl.float32', ALLOW_TF32=True, BLOCK_K=64, BLOCK_M=128, BLOCK_N=128, EVEN_K=True, GROUP_M=8, OUT_DTYPE='tl.bfloat16', USE_FAST_ACCUM=False, num_stages=5, num_warps=8
  triton_mm_308 0.0869 ms 71.1% ACC_TYPE='tl.float32', ALLOW_TF32=True, BLOCK_K=128, BLOCK_M=64, BLOCK_N=64, EVEN_K=True, GROUP_M=8, OUT_DTYPE='tl.bfloat16', USE_FAST_ACCUM=False, num_stages=5, num_warps=4
  triton_mm_311 0.1148 ms 53.9% ACC_TYPE='tl.float32', ALLOW_TF32=True, BLOCK_K=64, BLOCK_M=64, BLOCK_N=128, EVEN_K=True, GROUP_M=8, OUT_DTYPE='tl.bfloat16', USE_FAST_ACCUM=False, num_stages=3, num_warps=4
  triton_mm_307 0.1152 ms 53.7% ACC_TYPE='tl.float32', ALLOW_TF32=True, BLOCK_K=64, BLOCK_M=64, BLOCK_N=64, EVEN_K=True, GROUP_M=8, OUT_DTYPE='tl.bfloat16', USE_FAST_ACCUM=False, num_stages=3, num_warps=8
  triton_mm_317 0.1215 ms 50.9% ACC_TYPE='tl.float32', ALLOW_TF32=True, BLOCK_K=64, BLOCK_M=128, BLOCK_N=128, EVEN_K=True, GROUP_M=8, OUT_DTYPE='tl.bfloat16', USE_FAST_ACCUM=False, num_stages=3, num_warps=4
  triton_mm_310 0.1314 ms 47.1% ACC_TYPE='tl.float32', ALLOW_TF32=True, BLOCK_K=32, BLOCK_M=64, BLOCK_N=128, EVEN_K=True, GROUP_M=8, OUT_DTYPE='tl.bfloat16', USE_FAST_ACCUM=False, num_stages=4, num_warps=8
  triton_mm_314 0.1316 ms 47.0% ACC_TYPE='tl.float32', ALLOW_TF32=True, BLOCK_K=32, BLOCK_M=128, BLOCK_N=64, EVEN_K=True, GROUP_M=8, OUT_DTYPE='tl.bfloat16', USE_FAST_ACCUM=False, num_stages=4, num_warps=8
  triton_mm_304 0.1684 ms 36.7% ACC_TYPE='tl.float32', ALLOW_TF32=True, BLOCK_K=128, BLOCK_M=64, BLOCK_N=32, EVEN_K=True, GROUP_M=8, OUT_DTYPE='tl.bfloat16', USE_FAST_ACCUM=False, num_stages=5, num_warps=4
SingleProcess AUTOTUNE benchmarking takes 5.0092 seconds and 0.0001 seconds precompiling for 21 choices
E0524 10:57:15.991000 4 site-packages/torch/_inductor/select_algorithm.py:4888] [0/0] Runtime error during autotuning: 
E0524 10:57:15.991000 4 site-packages/torch/_inductor/select_algorithm.py:4888] [0/0] No valid triton configs. OutOfMemoryError: out of resource: triton_mm Required: 262144 Hardware limit:232448 Reducing block sizes or `num_stages` may help.. 
E0524 10:57:15.991000 4 site-packages/torch/_inductor/select_algorithm.py:4888] [0/0] Ignoring this choice.
Autotune Choices Stats:
{"num_choices": 21, "num_triton_choices": 20, "best_kernel": "mm", "best_time": 0.055296000093221664, "best_triton_pos": 1, "best_triton_time": 0.06038400158286095, "best_triton_kernel": "triton_mm_352", "best_triton_kernel_desc": "ACC_TYPE='tl.float32', ALLOW_TF32=True, BLOCK_K=128, BLOCK_M=64, BLOCK_N=128, EVEN_K=True, GROUP_M=8, OUT_DTYPE='tl.bfloat16', USE_FAST_ACCUM=False, num_stages=4, num_warps=4"}
AUTOTUNE mm(2048x16384, 16384x512)
strides: [1, 2048], [512, 1]
dtypes: torch.bfloat16, torch.bfloat16
  mm 0.0553 ms 100.0% 
  triton_mm_352 0.0604 ms 91.6% ACC_TYPE='tl.float32', ALLOW_TF32=True, BLOCK_K=128, BLOCK_M=64, BLOCK_N=128, EVEN_K=True, GROUP_M=8, OUT_DTYPE='tl.bfloat16', USE_FAST_ACCUM=False, num_stages=4, num_warps=4
  triton_mm_358 0.0825 ms 67.1% ACC_TYPE='tl.float32', ALLOW_TF32=True, BLOCK_K=64, BLOCK_M=128, BLOCK_N=128, EVEN_K=True, GROUP_M=8, OUT_DTYPE='tl.bfloat16', USE_FAST_ACCUM=False, num_stages=5, num_warps=8
  triton_mm_348 0.0878 ms 63.0% ACC_TYPE='tl.float32', ALLOW_TF32=True, BLOCK_K=128, BLOCK_M=64, BLOCK_N=64, EVEN_K=True, GROUP_M=8, OUT_DTYPE='tl.bfloat16', USE_FAST_ACCUM=False, num_stages=5, num_warps=4
  triton_mm_347 0.1074 ms 51.5% ACC_TYPE='tl.float32', ALLOW_TF32=True, BLOCK_K=64, BLOCK_M=64, BLOCK_N=64, EVEN_K=True, GROUP_M=8, OUT_DTYPE='tl.bfloat16', USE_FAST_ACCUM=False, num_stages=3, num_warps=8
  triton_mm_351 0.1088 ms 50.8% ACC_TYPE='tl.float32', ALLOW_TF32=True, BLOCK_K=64, BLOCK_M=64, BLOCK_N=128, EVEN_K=True, GROUP_M=8, OUT_DTYPE='tl.bfloat16', USE_FAST_ACCUM=False, num_stages=3, num_warps=4
  triton_mm_357 0.1158 ms 47.7% ACC_TYPE='tl.float32', ALLOW_TF32=True, BLOCK_K=64, BLOCK_M=128, BLOCK_N=128, EVEN_K=True, GROUP_M=8, OUT_DTYPE='tl.bfloat16', USE_FAST_ACCUM=False, num_stages=3, num_warps=4
  triton_mm_350 0.1233 ms 44.8% ACC_TYPE='tl.float32', ALLOW_TF32=True, BLOCK_K=32, BLOCK_M=64, BLOCK_N=128, EVEN_K=True, GROUP_M=8, OUT_DTYPE='tl.bfloat16', USE_FAST_ACCUM=False, num_stages=4, num_warps=8
  triton_mm_354 0.1269 ms 43.6% ACC_TYPE='tl.float32', ALLOW_TF32=True, BLOCK_K=32, BLOCK_M=128, BLOCK_N=64, EVEN_K=True, GROUP_M=8, OUT_DTYPE='tl.bfloat16', USE_FAST_ACCUM=False, num_stages=4, num_warps=8
  triton_mm_349 0.1734 ms 31.9% ACC_TYPE='tl.float32', ALLOW_TF32=True, BLOCK_K=32, BLOCK_M=64, BLOCK_N=128, EVEN_K=True, GROUP_M=8, OUT_DTYPE='tl.bfloat16', USE_FAST_ACCUM=False, num_stages=3, num_warps=4
SingleProcess AUTOTUNE benchmarking takes 5.1199 seconds and 0.0001 seconds precompiling for 21 choices
E0524 10:57:21.544000 4 site-packages/torch/_inductor/select_algorithm.py:4888] [0/0] Runtime error during autotuning: 
E0524 10:57:21.544000 4 site-packages/torch/_inductor/select_algorithm.py:4888] [0/0] No valid triton configs. OutOfMemoryError: out of resource: triton_mm Required: 262144 Hardware limit:232448 Reducing block sizes or `num_stages` may help.. 
E0524 10:57:21.544000 4 site-packages/torch/_inductor/select_algorithm.py:4888] [0/0] Ignoring this choice.
Autotune Choices Stats:
{"num_choices": 21, "num_triton_choices": 20, "best_kernel": "mm", "best_time": 0.04927999898791313, "best_triton_pos": 1, "best_triton_time": 0.0568000003695488, "best_triton_kernel": "triton_mm_432", "best_triton_kernel_desc": "ACC_TYPE='tl.float32', ALLOW_TF32=True, BLOCK_K=128, BLOCK_M=64, BLOCK_N=128, EVEN_K=True, GROUP_M=8, OUT_DTYPE='tl.bfloat16', USE_FAST_ACCUM=False, num_stages=4, num_warps=4"}
AUTOTUNE mm(1536x16384, 16384x512)
strides: [1, 1536], [512, 1]
dtypes: torch.bfloat16, torch.bfloat16
  mm 0.0493 ms 100.0% 
  triton_mm_432 0.0568 ms 86.8% ACC_TYPE='tl.float32', ALLOW_TF32=True, BLOCK_K=128, BLOCK_M=64, BLOCK_N=128, EVEN_K=True, GROUP_M=8, OUT_DTYPE='tl.bfloat16', USE_FAST_ACCUM=False, num_stages=4, num_warps=4
  triton_mm_438 0.0809 ms 60.9% ACC_TYPE='tl.float32', ALLOW_TF32=True, BLOCK_K=64, BLOCK_M=128, BLOCK_N=128, EVEN_K=True, GROUP_M=8, OUT_DTYPE='tl.bfloat16', USE_FAST_ACCUM=False, num_stages=5, num_warps=8
  triton_mm_428 0.0818 ms 60.3% ACC_TYPE='tl.float32', ALLOW_TF32=True, BLOCK_K=128, BLOCK_M=64, BLOCK_N=64, EVEN_K=True, GROUP_M=8, OUT_DTYPE='tl.bfloat16', USE_FAST_ACCUM=False, num_stages=5, num_warps=4
  triton_mm_427 0.1042 ms 47.3% ACC_TYPE='tl.float32', ALLOW_TF32=True, BLOCK_K=64, BLOCK_M=64, BLOCK_N=64, EVEN_K=True, GROUP_M=8, OUT_DTYPE='tl.bfloat16', USE_FAST_ACCUM=False, num_stages=3, num_warps=8
  triton_mm_431 0.1071 ms 46.0% ACC_TYPE='tl.float32', ALLOW_TF32=True, BLOCK_K=64, BLOCK_M=64, BLOCK_N=128, EVEN_K=True, GROUP_M=8, OUT_DTYPE='tl.bfloat16', USE_FAST_ACCUM=False, num_stages=3, num_warps=4
  triton_mm_437 0.1127 ms 43.7% ACC_TYPE='tl.float32', ALLOW_TF32=True, BLOCK_K=64, BLOCK_M=128, BLOCK_N=128, EVEN_K=True, GROUP_M=8, OUT_DTYPE='tl.bfloat16', USE_FAST_ACCUM=False, num_stages=3, num_warps=4
  triton_mm_430 0.1217 ms 40.5% ACC_TYPE='tl.float32', ALLOW_TF32=True, BLOCK_K=32, BLOCK_M=64, BLOCK_N=128, EVEN_K=True, GROUP_M=8, OUT_DTYPE='tl.bfloat16', USE_FAST_ACCUM=False, num_stages=4, num_warps=8
  triton_mm_434 0.1232 ms 40.0% ACC_TYPE='tl.float32', ALLOW_TF32=True, BLOCK_K=32, BLOCK_M=128, BLOCK_N=64, EVEN_K=True, GROUP_M=8, OUT_DTYPE='tl.bfloat16', USE_FAST_ACCUM=False, num_stages=4, num_warps=8
  triton_mm_424 0.1286 ms 38.3% ACC_TYPE='tl.float32', ALLOW_TF32=True, BLOCK_K=128, BLOCK_M=64, BLOCK_N=32, EVEN_K=True, GROUP_M=8, OUT_DTYPE='tl.bfloat16', USE_FAST_ACCUM=False, num_stages=5, num_warps=4
SingleProcess AUTOTUNE benchmarking takes 5.2096 seconds and 0.0001 seconds precompiling for 21 choices
E0524 10:57:31.412000 4 site-packages/torch/_inductor/select_algorithm.py:4888] [0/0] Runtime error during autotuning: 
E0524 10:57:31.412000 4 site-packages/torch/_inductor/select_algorithm.py:4888] [0/0] No valid triton configs. OutOfMemoryError: out of resource: triton_mm Required: 262144 Hardware limit:232448 Reducing block sizes or `num_stages` may help.. 
E0524 10:57:31.412000 4 site-packages/torch/_inductor/select_algorithm.py:4888] [0/0] Ignoring this choice.
Autotune Choices Stats:
{"num_choices": 26, "num_triton_choices": 20, "best_kernel": "mm", "best_time": 0.028224000707268715, "best_triton_pos": 6, "best_triton_time": 0.040991999208927155, "best_triton_kernel": "triton_mm_388", "best_triton_kernel_desc": "ACC_TYPE='tl.float32', ALLOW_TF32=True, BLOCK_K=128, BLOCK_M=64, BLOCK_N=64, EVEN_K=True, GROUP_M=8, OUT_DTYPE='tl.bfloat16', USE_FAST_ACCUM=False, num_stages=5, num_warps=4"}
AUTOTUNE mm(512x16384, 16384x512)
strides: [1, 512], [512, 1]
dtypes: torch.bfloat16, torch.bfloat16
  mm 0.0282 ms 100.0% 
  decompose_k_mm_4_split_1 0.0284 ms 99.3% k_split=4
  decompose_k_mm_8_split_2 0.0291 ms 97.0% k_split=8
  decompose_k_mm_2_split_0 0.0292 ms 96.8% k_split=2
  decompose_k_mm_16_split_3 0.0308 ms 91.5% k_split=16
  decompose_k_mm_32_split_4 0.0407 ms 69.3% k_split=32
  triton_mm_388 0.0410 ms 68.9% ACC_TYPE='tl.float32', ALLOW_TF32=True, BLOCK_K=128, BLOCK_M=64, BLOCK_N=64, EVEN_K=True, GROUP_M=8, OUT_DTYPE='tl.bfloat16', USE_FAST_ACCUM=False, num_stages=5, num_warps=4
  triton_mm_384 0.0422 ms 66.8% ACC_TYPE='tl.float32', ALLOW_TF32=True, BLOCK_K=128, BLOCK_M=64, BLOCK_N=32, EVEN_K=True, GROUP_M=8, OUT_DTYPE='tl.bfloat16', USE_FAST_ACCUM=False, num_stages=5, num_warps=4
  triton_mm_392 0.0528 ms 53.5% ACC_TYPE='tl.float32', ALLOW_TF32=True, BLOCK_K=128, BLOCK_M=64, BLOCK_N=128, EVEN_K=True, GROUP_M=8, OUT_DTYPE='tl.bfloat16', USE_FAST_ACCUM=False, num_stages=4, num_warps=4
  triton_mm_398 0.0794 ms 35.6% ACC_TYPE='tl.float32', ALLOW_TF32=True, BLOCK_K=64, BLOCK_M=128, BLOCK_N=128, EVEN_K=True, GROUP_M=8, OUT_DTYPE='tl.bfloat16', USE_FAST_ACCUM=False, num_stages=5, num_warps=8
SingleProcess AUTOTUNE benchmarking takes 9.5627 seconds and 0.0001 seconds precompiling for 26 choices
E0524 10:57:41.344000 4 site-packages/torch/_inductor/select_algorithm.py:4888] [0/0] Runtime error during autotuning: 
E0524 10:57:41.344000 4 site-packages/torch/_inductor/select_algorithm.py:4888] [0/0] No valid triton configs. OutOfMemoryError: out of resource: triton_mm Required: 262144 Hardware limit:232448 Reducing block sizes or `num_stages` may help.. 
E0524 10:57:41.344000 4 site-packages/torch/_inductor/select_algorithm.py:4888] [0/0] Ignoring this choice.
Autotune Choices Stats:
{"num_choices": 21, "num_triton_choices": 20, "best_kernel": "mm", "best_time": 1.0665600299835205, "best_triton_pos": 1, "best_triton_time": 1.2700799703598022, "best_triton_kernel": "triton_mm_298", "best_triton_kernel_desc": "ACC_TYPE='tl.float32', ALLOW_TF32=True, BLOCK_K=64, BLOCK_M=128, BLOCK_N=128, EVEN_K=False, GROUP_M=8, OUT_DTYPE='tl.bfloat16', USE_FAST_ACCUM=False, num_stages=5, num_warps=8"}
AUTOTUNE mm(16384x50264, 50264x512)
strides: [50304, 1], [512, 1]
dtypes: torch.bfloat16, torch.bfloat16
  mm 1.0666 ms 100.0% 
  triton_mm_298 1.2701 ms 84.0% ACC_TYPE='tl.float32', ALLOW_TF32=True, BLOCK_K=64, BLOCK_M=128, BLOCK_N=128, EVEN_K=False, GROUP_M=8, OUT_DTYPE='tl.bfloat16', USE_FAST_ACCUM=False, num_stages=5, num_warps=8
  triton_mm_297 1.4595 ms 73.1% ACC_TYPE='tl.float32', ALLOW_TF32=True, BLOCK_K=64, BLOCK_M=128, BLOCK_N=128, EVEN_K=False, GROUP_M=8, OUT_DTYPE='tl.bfloat16', USE_FAST_ACCUM=False, num_stages=3, num_warps=4
  triton_mm_292 1.5153 ms 70.4% ACC_TYPE='tl.float32', ALLOW_TF32=True, BLOCK_K=128, BLOCK_M=64, BLOCK_N=128, EVEN_K=False, GROUP_M=8, OUT_DTYPE='tl.bfloat16', USE_FAST_ACCUM=False, num_stages=4, num_warps=4
  triton_mm_296 1.8236 ms 58.5% ACC_TYPE='tl.float32', ALLOW_TF32=True, BLOCK_K=32, BLOCK_M=128, BLOCK_N=128, EVEN_K=False, GROUP_M=8, OUT_DTYPE='tl.bfloat16', USE_FAST_ACCUM=False, num_stages=3, num_warps=4
  triton_mm_291 2.1605 ms 49.4% ACC_TYPE='tl.float32', ALLOW_TF32=True, BLOCK_K=64, BLOCK_M=64, BLOCK_N=128, EVEN_K=False, GROUP_M=8, OUT_DTYPE='tl.bfloat16', USE_FAST_ACCUM=False, num_stages=3, num_warps=4
  triton_mm_295 2.4021 ms 44.4% ACC_TYPE='tl.float32', ALLOW_TF32=True, BLOCK_K=32, BLOCK_M=128, BLOCK_N=128, EVEN_K=False, GROUP_M=8, OUT_DTYPE='tl.bfloat16', USE_FAST_ACCUM=False, num_stages=2, num_warps=8
  triton_mm_289 2.4220 ms 44.0% ACC_TYPE='tl.float32', ALLOW_TF32=True, BLOCK_K=32, BLOCK_M=64, BLOCK_N=128, EVEN_K=False, GROUP_M=8, OUT_DTYPE='tl.bfloat16', USE_FAST_ACCUM=False, num_stages=3, num_warps=4
  triton_mm_290 2.4280 ms 43.9% ACC_TYPE='tl.float32', ALLOW_TF32=True, BLOCK_K=32, BLOCK_M=64, BLOCK_N=128, EVEN_K=False, GROUP_M=8, OUT_DTYPE='tl.bfloat16', USE_FAST_ACCUM=False, num_stages=4, num_warps=8
  triton_mm_288 2.4527 ms 43.5% ACC_TYPE='tl.float32', ALLOW_TF32=True, BLOCK_K=128, BLOCK_M=64, BLOCK_N=64, EVEN_K=False, GROUP_M=8, OUT_DTYPE='tl.bfloat16', USE_FAST_ACCUM=False, num_stages=5, num_warps=4
SingleProcess AUTOTUNE benchmarking takes 5.8947 seconds and 0.0001 seconds precompiling for 21 choices
E0524 10:57:57.673000 4 site-packages/torch/_inductor/select_algorithm.py:4888] [0/0] Runtime error during autotuning: 
E0524 10:57:57.673000 4 site-packages/torch/_inductor/select_algorithm.py:4888] [0/0] No valid triton configs. OutOfMemoryError: out of resource: triton_mm Required: 262144 Hardware limit:232448 Reducing block sizes or `num_stages` may help.. 
E0524 10:57:57.673000 4 site-packages/torch/_inductor/select_algorithm.py:4888] [0/0] Ignoring this choice.
Autotune Choices Stats:
{"num_choices": 21, "num_triton_choices": 20, "best_kernel": "mm", "best_time": 0.051872000098228455, "best_triton_pos": 1, "best_triton_time": 0.0639680027961731, "best_triton_kernel": "triton_mm_377", "best_triton_kernel_desc": "ACC_TYPE='tl.float32', ALLOW_TF32=True, BLOCK_K=64, BLOCK_M=128, BLOCK_N=128, EVEN_K=True, GROUP_M=8, OUT_DTYPE='tl.bfloat16', USE_FAST_ACCUM=False, num_stages=3, num_warps=4"}
AUTOTUNE mm(16384x2048, 2048x512)
strides: [2048, 1], [512, 1]
dtypes: torch.bfloat16, torch.bfloat16
  mm 0.0519 ms 100.0% 
  triton_mm_377 0.0640 ms 81.1% ACC_TYPE='tl.float32', ALLOW_TF32=True, BLOCK_K=64, BLOCK_M=128, BLOCK_N=128, EVEN_K=True, GROUP_M=8, OUT_DTYPE='tl.bfloat16', USE_FAST_ACCUM=False, num_stages=3, num_warps=4
  triton_mm_378 0.0682 ms 76.0% ACC_TYPE='tl.float32', ALLOW_TF32=True, BLOCK_K=64, BLOCK_M=128, BLOCK_N=128, EVEN_K=True, GROUP_M=8, OUT_DTYPE='tl.bfloat16', USE_FAST_ACCUM=False, num_stages=5, num_warps=8
  triton_mm_371 0.0770 ms 67.4% ACC_TYPE='tl.float32', ALLOW_TF32=True, BLOCK_K=64, BLOCK_M=64, BLOCK_N=128, EVEN_K=True, GROUP_M=8, OUT_DTYPE='tl.bfloat16', USE_FAST_ACCUM=False, num_stages=3, num_warps=4
  triton_mm_376 0.0796 ms 65.2% ACC_TYPE='tl.float32', ALLOW_TF32=True, BLOCK_K=32, BLOCK_M=128, BLOCK_N=128, EVEN_K=True, GROUP_M=8, OUT_DTYPE='tl.bfloat16', USE_FAST_ACCUM=False, num_stages=3, num_warps=4
  triton_mm_369 0.0833 ms 62.3% ACC_TYPE='tl.float32', ALLOW_TF32=True, BLOCK_K=32, BLOCK_M=64, BLOCK_N=128, EVEN_K=True, GROUP_M=8, OUT_DTYPE='tl.bfloat16', USE_FAST_ACCUM=False, num_stages=3, num_warps=4
  triton_mm_372 0.0844 ms 61.5% ACC_TYPE='tl.float32', ALLOW_TF32=True, BLOCK_K=128, BLOCK_M=64, BLOCK_N=128, EVEN_K=True, GROUP_M=8, OUT_DTYPE='tl.bfloat16', USE_FAST_ACCUM=False, num_stages=4, num_warps=4
  triton_mm_370 0.0885 ms 58.6% ACC_TYPE='tl.float32', ALLOW_TF32=True, BLOCK_K=32, BLOCK_M=64, BLOCK_N=128, EVEN_K=True, GROUP_M=8, OUT_DTYPE='tl.bfloat16', USE_FAST_ACCUM=False, num_stages=4, num_warps=8
  triton_mm_367 0.1030 ms 50.3% ACC_TYPE='tl.float32', ALLOW_TF32=True, BLOCK_K=64, BLOCK_M=64, BLOCK_N=64, EVEN_K=True, GROUP_M=8, OUT_DTYPE='tl.bfloat16', USE_FAST_ACCUM=False, num_stages=3, num_warps=8
  triton_mm_373 0.1031 ms 50.3% ACC_TYPE='tl.float32', ALLOW_TF32=True, BLOCK_K=32, BLOCK_M=128, BLOCK_N=64, EVEN_K=True, GROUP_M=8, OUT_DTYPE='tl.bfloat16', USE_FAST_ACCUM=False, num_stages=3, num_warps=4
SingleProcess AUTOTUNE benchmarking takes 16.3281 seconds and 0.0002 seconds precompiling for 21 choices
E0524 10:58:04.612000 4 site-packages/torch/_inductor/select_algorithm.py:4888] [0/0] Runtime error during autotuning: 
E0524 10:58:04.612000 4 site-packages/torch/_inductor/select_algorithm.py:4888] [0/0] No valid triton configs. OutOfMemoryError: out of resource: triton_mm Required: 262144 Hardware limit:232448 Reducing block sizes or `num_stages` may help.. 
E0524 10:58:04.612000 4 site-packages/torch/_inductor/select_algorithm.py:4888] [0/0] Ignoring this choice.
Autotune Choices Stats:
{"num_choices": 21, "num_triton_choices": 20, "best_kernel": "mm", "best_time": 0.020896000787615776, "best_triton_pos": 1, "best_triton_time": 0.024671999737620354, "best_triton_kernel": "triton_mm_417", "best_triton_kernel_desc": "ACC_TYPE='tl.float32', ALLOW_TF32=True, BLOCK_K=64, BLOCK_M=128, BLOCK_N=128, EVEN_K=True, GROUP_M=8, OUT_DTYPE='tl.bfloat16', USE_FAST_ACCUM=False, num_stages=3, num_warps=4"}
AUTOTUNE mm(16384x512, 512x512)
strides: [512, 1], [512, 1]
dtypes: torch.bfloat16, torch.bfloat16
  mm 0.0209 ms 100.0% 
  triton_mm_417 0.0247 ms 84.7% ACC_TYPE='tl.float32', ALLOW_TF32=True, BLOCK_K=64, BLOCK_M=128, BLOCK_N=128, EVEN_K=True, GROUP_M=8, OUT_DTYPE='tl.bfloat16', USE_FAST_ACCUM=False, num_stages=3, num_warps=4
  triton_mm_409 0.0274 ms 76.3% ACC_TYPE='tl.float32', ALLOW_TF32=True, BLOCK_K=32, BLOCK_M=64, BLOCK_N=128, EVEN_K=True, GROUP_M=8, OUT_DTYPE='tl.bfloat16', USE_FAST_ACCUM=False, num_stages=3, num_warps=4
  triton_mm_418 0.0282 ms 74.1% ACC_TYPE='tl.float32', ALLOW_TF32=True, BLOCK_K=64, BLOCK_M=128, BLOCK_N=128, EVEN_K=True, GROUP_M=8, OUT_DTYPE='tl.bfloat16', USE_FAST_ACCUM=False, num_stages=5, num_warps=8
  triton_mm_411 0.0283 ms 74.0% ACC_TYPE='tl.float32', ALLOW_TF32=True, BLOCK_K=64, BLOCK_M=64, BLOCK_N=128, EVEN_K=True, GROUP_M=8, OUT_DTYPE='tl.bfloat16', USE_FAST_ACCUM=False, num_stages=3, num_warps=4
  triton_mm_416 0.0285 ms 73.4% ACC_TYPE='tl.float32', ALLOW_TF32=True, BLOCK_K=32, BLOCK_M=128, BLOCK_N=128, EVEN_K=True, GROUP_M=8, OUT_DTYPE='tl.bfloat16', USE_FAST_ACCUM=False, num_stages=3, num_warps=4
  triton_mm_410 0.0286 ms 73.0% ACC_TYPE='tl.float32', ALLOW_TF32=True, BLOCK_K=32, BLOCK_M=64, BLOCK_N=128, EVEN_K=True, GROUP_M=8, OUT_DTYPE='tl.bfloat16', USE_FAST_ACCUM=False, num_stages=4, num_warps=8
  triton_mm_413 0.0314 ms 66.5% ACC_TYPE='tl.float32', ALLOW_TF32=True, BLOCK_K=32, BLOCK_M=128, BLOCK_N=64, EVEN_K=True, GROUP_M=8, OUT_DTYPE='tl.bfloat16', USE_FAST_ACCUM=False, num_stages=3, num_warps=4
  triton_mm_414 0.0316 ms 66.2% ACC_TYPE='tl.float32', ALLOW_TF32=True, BLOCK_K=32, BLOCK_M=128, BLOCK_N=64, EVEN_K=True, GROUP_M=8, OUT_DTYPE='tl.bfloat16', USE_FAST_ACCUM=False, num_stages=4, num_warps=8
  triton_mm_407 0.0341 ms 61.2% ACC_TYPE='tl.float32', ALLOW_TF32=True, BLOCK_K=64, BLOCK_M=64, BLOCK_N=64, EVEN_K=True, GROUP_M=8, OUT_DTYPE='tl.bfloat16', USE_FAST_ACCUM=False, num_stages=3, num_warps=8
SingleProcess AUTOTUNE benchmarking takes 6.9384 seconds and 0.0001 seconds precompiling for 21 choices
E0524 10:58:30.410000 4 site-packages/torch/_inductor/select_algorithm.py:4888] [0/0] Runtime error during autotuning: 
E0524 10:58:30.410000 4 site-packages/torch/_inductor/select_algorithm.py:4888] [0/0] No valid triton configs. OutOfMemoryError: out of resource: triton_mm Required: 262144 Hardware limit:232448 Reducing block sizes or `num_stages` may help.. 
E0524 10:58:30.410000 4 site-packages/torch/_inductor/select_algorithm.py:4888] [0/0] Ignoring this choice.
Autotune Choices Stats:
{"num_choices": 21, "num_triton_choices": 20, "best_kernel": "mm", "best_time": 0.04163200035691261, "best_triton_pos": 1, "best_triton_time": 0.05081599950790405, "best_triton_kernel": "triton_mm_457", "best_triton_kernel_desc": "ACC_TYPE='tl.float32', ALLOW_TF32=True, BLOCK_K=64, BLOCK_M=128, BLOCK_N=128, EVEN_K=True, GROUP_M=8, OUT_DTYPE='tl.bfloat16', USE_FAST_ACCUM=False, num_stages=3, num_warps=4"}
AUTOTUNE mm(16384x1536, 1536x512)
strides: [1536, 1], [512, 1]
dtypes: torch.bfloat16, torch.bfloat16
  mm 0.0416 ms 100.0% 
  triton_mm_457 0.0508 ms 81.9% ACC_TYPE='tl.float32', ALLOW_TF32=True, BLOCK_K=64, BLOCK_M=128, BLOCK_N=128, EVEN_K=True, GROUP_M=8, OUT_DTYPE='tl.bfloat16', USE_FAST_ACCUM=False, num_stages=3, num_warps=4
  triton_mm_458 0.0546 ms 76.3% ACC_TYPE='tl.float32', ALLOW_TF32=True, BLOCK_K=64, BLOCK_M=128, BLOCK_N=128, EVEN_K=True, GROUP_M=8, OUT_DTYPE='tl.bfloat16', USE_FAST_ACCUM=False, num_stages=5, num_warps=8
  triton_mm_451 0.0596 ms 69.9% ACC_TYPE='tl.float32', ALLOW_TF32=True, BLOCK_K=64, BLOCK_M=64, BLOCK_N=128, EVEN_K=True, GROUP_M=8, OUT_DTYPE='tl.bfloat16', USE_FAST_ACCUM=False, num_stages=3, num_warps=4
  triton_mm_456 0.0627 ms 66.4% ACC_TYPE='tl.float32', ALLOW_TF32=True, BLOCK_K=32, BLOCK_M=128, BLOCK_N=128, EVEN_K=True, GROUP_M=8, OUT_DTYPE='tl.bfloat16', USE_FAST_ACCUM=False, num_stages=3, num_warps=4
  triton_mm_449 0.0640 ms 65.0% ACC_TYPE='tl.float32', ALLOW_TF32=True, BLOCK_K=32, BLOCK_M=64, BLOCK_N=128, EVEN_K=True, GROUP_M=8, OUT_DTYPE='tl.bfloat16', USE_FAST_ACCUM=False, num_stages=3, num_warps=4
  triton_mm_452 0.0671 ms 62.0% ACC_TYPE='tl.float32', ALLOW_TF32=True, BLOCK_K=128, BLOCK_M=64, BLOCK_N=128, EVEN_K=True, GROUP_M=8, OUT_DTYPE='tl.bfloat16', USE_FAST_ACCUM=False, num_stages=4, num_warps=4
  triton_mm_450 0.0679 ms 61.3% ACC_TYPE='tl.float32', ALLOW_TF32=True, BLOCK_K=32, BLOCK_M=64, BLOCK_N=128, EVEN_K=True, GROUP_M=8, OUT_DTYPE='tl.bfloat16', USE_FAST_ACCUM=False, num_stages=4, num_warps=8
  triton_mm_454 0.0757 ms 55.0% ACC_TYPE='tl.float32', ALLOW_TF32=True, BLOCK_K=32, BLOCK_M=128, BLOCK_N=64, EVEN_K=True, GROUP_M=8, OUT_DTYPE='tl.bfloat16', USE_FAST_ACCUM=False, num_stages=4, num_warps=8
  triton_mm_453 0.0758 ms 54.9% ACC_TYPE='tl.float32', ALLOW_TF32=True, BLOCK_K=32, BLOCK_M=128, BLOCK_N=64, EVEN_K=True, GROUP_M=8, OUT_DTYPE='tl.bfloat16', USE_FAST_ACCUM=False, num_stages=3, num_warps=4
SingleProcess AUTOTUNE benchmarking takes 25.7975 seconds and 0.0002 seconds precompiling for 21 choices
  step=  2000  train=7.573bpt  val=7.631bpt  lr=2.0e-04  4.9min
  step=  4000  train=6.876bpt  val=6.635bpt  lr=2.0e-04  5.8min
  step=  6000  train=6.262bpt  val=6.153bpt  lr=1.9e-04  6.6min
  step=  8000  train=5.866bpt  val=5.970bpt  lr=1.8e-04  7.4min
  step= 10000  train=5.957bpt  val=5.778bpt  lr=1.6e-04  8.2min
  step= 12000  train=5.371bpt  val=5.681bpt  lr=1.4e-04  9.1min
  step= 14000  train=5.395bpt  val=5.568bpt  lr=1.2e-04  9.9min
  step= 16000  train=5.563bpt  val=5.474bpt  lr=1.0e-04  10.7min
  step= 18000  train=5.687bpt  val=5.460bpt  lr=8.2e-05  11.5min
  step= 20000  train=5.233bpt  val=5.406bpt  lr=6.2e-05  12.4min
  step= 22000  train=5.550bpt  val=5.386bpt  lr=4.5e-05  13.2min
  step= 24000  train=5.209bpt  val=5.359bpt  lr=3.0e-05  14.0min
  step= 26000  train=5.325bpt  val=5.268bpt  lr=1.9e-05  14.8min
Traceback (most recent call last):
  File "/tmp/train_transformer_baseline.py", line 255, in <module>
    train(args.steps, ckpt_path=args.ckpt_path)
  File "/tmp/train_transformer_baseline.py", line 206, in train
    x, y = make_batch(train_data, BATCH, SEQ, device)
           ^^^^^^^^^^^^^^^^^^^^^^^^^^^^^^^^^^^^^^^^^^
  File "/tmp/train_transformer_baseline.py", line 141, in make_batch
    x  = torch.stack([data[i : i+seq]     for i in ix]).to(device)
         ^^^^^^^^^^^^^^^^^^^^^^^^^^^^^^^^^^^^^^^^^^^^^^^^^^^^^^^^^
KeyboardInterrupt
WARNING: Logs may not be continuous
WARNING: Logs may not be continuous
WARNING: Logs may not be continuous
WARNING: Logs may not be continuous
WARNING: Logs may not be continuous
WARNING: Logs may not be continuous
WARNING: Logs may not be continuous
WARNING: Logs may not be continuous
WARNING: Logs may not be continuous
WARNING: Logs may not be continuous
WARNING: Logs may not be continuous
WARNING: Logs may not be continuous
WARNING: Logs may not be continuous
WARNING: Logs may not be continuous
WARNING: Logs may not be continuous
WARNING: Logs may not be continuous
WARNING: Logs may not be continuous
WARNING: Logs may not be continuous
WARNING: Logs may not be continuous
WARNING: Logs may not be continuous
WARNING: Logs may not be continuous
WARNING: Logs may not be continuous
WARNING: Logs may not be continuous
WARNING: Logs may not be continuous
WARNING: Logs may not be continuous
WARNING: Logs may not be continuous
WARNING: Logs may not be continuous
WARNING: Logs may not be continuous
WARNING: Logs may not be continuous
WARNING: Logs may not be continuous
WARNING: Logs may not be continuous
WARNING: Logs may not be continuous
WARNING: Logs may not be continuous
WARNING: Logs may not be continuous
WARNING: Logs may not be continuous
WARNING: Logs may not be continuous
WARNING: Logs may not be continuous
WARNING: Logs may not be continuous
WARNING: Logs may not be continuous
WARNING: Logs may not be continuous
WARNING: Logs may not be continuous
WARNING: Logs may not be continuous
WARNING: Logs may not be continuous
WARNING: Logs may not be continuous
WARNING: Logs may not be continuous
WARNING: Logs may not be continuous
WARNING: Logs may not be continuous
WARNING: Logs may not be continuous
WARNING: Logs may not be continuous
WARNING: Logs may not be continuous
WARNING: Logs may not be continuous
WARNING: Logs may not be continuous
WARNING: Logs may not be continuous
WARNING: Logs may not be continuous
WARNING: Logs may not be continuous
WARNING: Logs may not be continuous
WARNING: Logs may not be continuous
WARNING: Logs may not be continuous
WARNING: Logs may not be continuous
WARNING: Logs may not be continuous
WARNING: Logs may not be continuous
WARNING: Logs may not be continuous
WARNING: Logs may not be continuous
WARNING: Logs may not be continuous
WARNING: Logs may not be continuous
WARNING: Logs may not be continuous
WARNING: Logs may not be continuous
WARNING: Logs may not be continuous
WARNING: Logs may not be continuous
WARNING: Logs may not be continuous
WARNING: Logs may not be continuous
WARNING: Logs may not be continuous
WARNING: Logs may not be continuous
WARNING: Logs may not be continuous
WARNING: Logs may not be continuous
WARNING: Logs may not be continuous
WARNING: Logs may not be continuous
WARNING: Logs may not be continuous
WARNING: Logs may not be continuous
WARNING: Logs may not be continuous
WARNING: Logs may not be continuous
WARNING: Logs may not be continuous
WARNING: Logs may not be continuous
WARNING: Logs may not be continuous
WARNING: Logs may not be continuous
WARNING: Logs may not be continuous
WARNING: Logs may not be continuous
WARNING: Logs may not be continuous
WARNING: Logs may not be continuous
WARNING: Logs may not be continuous
WARNING: Logs may not be continuous
WARNING: Logs may not be continuous
WARNING: Logs may not be continuous
WARNING: Logs may not be continuous
WARNING: Logs may not be continuous
WARNING: Logs may not be continuous
WARNING: Logs may not be continuous
WARNING: Logs may not be continuous
WARNING: Logs may not be continuous
WARNING: Logs may not be continuous
WARNING: Logs may not be continuous
WARNING: Logs may not be continuous
WARNING: Logs may not be continuous
WARNING: Logs may not be continuous
WARNING: Logs may not be continuous
WARNING: Logs may not be continuous
WARNING: Logs may not be continuous
WARNING: Logs may not be continuous
WARNING: Logs may not be continuous
WARNING: Logs may not be continuous
WARNING: Logs may not be continuous
WARNING: Logs may not be continuous
WARNING: Logs may not be continuous
WARNING: Logs may not be continuous
WARNING: Logs may not be continuous
WARNING: Logs may not be continuous
WARNING: Logs may not be continuous
WARNING: Logs may not be continuous
WARNING: Logs may not be continuous
WARNING: Logs may not be continuous
WARNING: Logs may not be continuous
WARNING: Logs may not be continuous
WARNING: Logs may not be continuous
WARNING: Logs may not be continuous
WARNING: Logs may not be continuous
WARNING: Logs may not be continuous
WARNING: Logs may not be continuous
WARNING: Logs may not be continuous
WARNING: Logs may not be continuous
WARNING: Logs may not be continuous
WARNING: Logs may not be continuous
WARNING: Logs may not be continuous
WARNING: Logs may not be continuous
WARNING: Logs may not be continuous
WARNING: Logs may not be continuous
WARNING: Logs may not be continuous
WARNING: Logs may not be continuous
WARNING: Logs may not be continuous
WARNING: Logs may not be continuous
WARNING: Logs may not be continuous
WARNING: Logs may not be continuous
WARNING: Logs may not be continuous
WARNING: Logs may not be continuous
WARNING: Logs may not be continuous
WARNING: Logs may not be continuous
WARNING: Logs may not be continuous
WARNING: Logs may not be continuous
WARNING: Logs may not be continuous
WARNING: Logs may not be continuous
WARNING: Logs may not be continuous
WARNING: Logs may not be continuous
WARNING: Logs may not be continuous
WARNING: Logs may not be continuous
WARNING: Logs may not be continuous
WARNING: Logs may not be continuous
WARNING: Logs may not be continuous
WARNING: Logs may not be continuous
WARNING: Logs may not be continuous
WARNING: Logs may not be continuous
WARNING: Logs may not be continuous
WARNING: Logs may not be continuous
WARNING: Logs may not be continuous
WARNING: Logs may not be continuous
WARNING: Logs may not be continuous
WARNING: Logs may not be continuous
WARNING: Logs may not be continuous
WARNING: Logs may not be continuous
WARNING: Logs may not be continuous
WARNING: Logs may not be continuous
